mode: atomic
github.com/kubernetes/kompose/pkg/loader/bundle/bundle.go:68.61,79.48 3 2
github.com/kubernetes/kompose/pkg/loader/bundle/bundle.go:106.2,106.18 1 2
github.com/kubernetes/kompose/pkg/loader/bundle/bundle.go:79.48,84.32 3 2
github.com/kubernetes/kompose/pkg/loader/bundle/bundle.go:84.32,86.69 1 18
github.com/kubernetes/kompose/pkg/loader/bundle/bundle.go:86.69,87.38 1 2
github.com/kubernetes/kompose/pkg/loader/bundle/bundle.go:87.38,89.27 2 2
github.com/kubernetes/kompose/pkg/loader/bundle/bundle.go:94.6,94.75 1 2
github.com/kubernetes/kompose/pkg/loader/bundle/bundle.go:100.6,101.37 2 1
github.com/kubernetes/kompose/pkg/loader/bundle/bundle.go:89.27,91.7 1 2
github.com/kubernetes/kompose/pkg/loader/bundle/bundle.go:94.75,95.27 1 2
github.com/kubernetes/kompose/pkg/loader/bundle/bundle.go:95.27,97.16 1 1
github.com/kubernetes/kompose/pkg/loader/bundle/bundle.go:110.49,112.48 2 0
github.com/kubernetes/kompose/pkg/loader/bundle/bundle.go:115.2,115.47 1 0
github.com/kubernetes/kompose/pkg/loader/bundle/bundle.go:112.48,114.3 1 0
github.com/kubernetes/kompose/pkg/loader/bundle/bundle.go:119.61,121.34 2 0
github.com/kubernetes/kompose/pkg/loader/bundle/bundle.go:152.2,152.18 1 0
github.com/kubernetes/kompose/pkg/loader/bundle/bundle.go:121.34,123.39 2 0
github.com/kubernetes/kompose/pkg/loader/bundle/bundle.go:123.39,132.4 5 0
github.com/kubernetes/kompose/pkg/loader/bundle/bundle.go:132.9,134.40 2 0
github.com/kubernetes/kompose/pkg/loader/bundle/bundle.go:134.40,140.43 6 0
github.com/kubernetes/kompose/pkg/loader/bundle/bundle.go:143.5,146.7 1 0
github.com/kubernetes/kompose/pkg/loader/bundle/bundle.go:140.43,142.6 1 0
github.com/kubernetes/kompose/pkg/loader/bundle/bundle.go:147.10,149.5 1 0
github.com/kubernetes/kompose/pkg/loader/bundle/bundle.go:156.58,158.37 2 0
github.com/kubernetes/kompose/pkg/loader/bundle/bundle.go:174.2,174.19 1 0
github.com/kubernetes/kompose/pkg/loader/bundle/bundle.go:158.37,160.24 2 0
github.com/kubernetes/kompose/pkg/loader/bundle/bundle.go:168.3,172.5 1 0
github.com/kubernetes/kompose/pkg/loader/bundle/bundle.go:161.11,162.23 1 0
github.com/kubernetes/kompose/pkg/loader/bundle/bundle.go:163.14,164.23 1 0
github.com/kubernetes/kompose/pkg/loader/bundle/bundle.go:165.14,166.23 1 0
github.com/kubernetes/kompose/pkg/loader/bundle/bundle.go:178.74,185.16 4 0
github.com/kubernetes/kompose/pkg/loader/bundle/bundle.go:188.2,190.16 3 0
github.com/kubernetes/kompose/pkg/loader/bundle/bundle.go:194.2,195.36 2 0
github.com/kubernetes/kompose/pkg/loader/bundle/bundle.go:199.2,199.45 1 0
github.com/kubernetes/kompose/pkg/loader/bundle/bundle.go:231.2,231.27 1 0
github.com/kubernetes/kompose/pkg/loader/bundle/bundle.go:185.16,187.3 1 0
github.com/kubernetes/kompose/pkg/loader/bundle/bundle.go:190.16,192.3 1 0
github.com/kubernetes/kompose/pkg/loader/bundle/bundle.go:195.36,197.3 1 0
github.com/kubernetes/kompose/pkg/loader/bundle/bundle.go:199.45,207.17 6 0
github.com/kubernetes/kompose/pkg/loader/bundle/bundle.go:210.3,213.17 3 0
github.com/kubernetes/kompose/pkg/loader/bundle/bundle.go:216.3,219.17 3 0
github.com/kubernetes/kompose/pkg/loader/bundle/bundle.go:222.3,224.32 2 0
github.com/kubernetes/kompose/pkg/loader/bundle/bundle.go:228.3,228.53 1 0
github.com/kubernetes/kompose/pkg/loader/bundle/bundle.go:207.17,209.4 1 0
github.com/kubernetes/kompose/pkg/loader/bundle/bundle.go:213.17,215.4 1 0
github.com/kubernetes/kompose/pkg/loader/bundle/bundle.go:219.17,221.4 1 0
github.com/kubernetes/kompose/pkg/loader/bundle/bundle.go:224.32,226.4 1 0
github.com/kubernetes/kompose/pkg/loader/bundle/bundle.go:235.54,239.51 3 0
github.com/kubernetes/kompose/pkg/loader/bundle/bundle.go:256.2,256.24 1 0
github.com/kubernetes/kompose/pkg/loader/bundle/bundle.go:239.51,240.32 1 0
github.com/kubernetes/kompose/pkg/loader/bundle/bundle.go:253.3,253.18 1 0
github.com/kubernetes/kompose/pkg/loader/bundle/bundle.go:241.26,245.21 1 0
github.com/kubernetes/kompose/pkg/loader/bundle/bundle.go:246.33,251.19 1 0
github.com/kubernetes/kompose/pkg/loader/compose/v3.go:45.52,48.24 3 0
github.com/kubernetes/kompose/pkg/loader/compose/v3.go:56.2,56.20 1 0
github.com/kubernetes/kompose/pkg/loader/compose/v3.go:48.24,50.32 1 0
github.com/kubernetes/kompose/pkg/loader/compose/v3.go:53.3,54.24 2 0
github.com/kubernetes/kompose/pkg/loader/compose/v3.go:50.32,52.4 1 0
github.com/kubernetes/kompose/pkg/loader/compose/v3.go:62.61,68.16 2 0
github.com/kubernetes/kompose/pkg/loader/compose/v3.go:73.2,74.16 2 0
github.com/kubernetes/kompose/pkg/loader/compose/v3.go:78.2,79.29 2 0
github.com/kubernetes/kompose/pkg/loader/compose/v3.go:123.2,124.36 2 0
github.com/kubernetes/kompose/pkg/loader/compose/v3.go:129.2,130.16 2 0
github.com/kubernetes/kompose/pkg/loader/compose/v3.go:134.2,134.27 1 0
github.com/kubernetes/kompose/pkg/loader/compose/v3.go:68.16,70.3 1 0
github.com/kubernetes/kompose/pkg/loader/compose/v3.go:74.16,76.3 1 0
github.com/kubernetes/kompose/pkg/loader/compose/v3.go:79.29,82.17 2 0
github.com/kubernetes/kompose/pkg/loader/compose/v3.go:87.3,88.17 2 0
github.com/kubernetes/kompose/pkg/loader/compose/v3.go:93.3,110.17 4 0
github.com/kubernetes/kompose/pkg/loader/compose/v3.go:113.3,113.20 1 0
github.com/kubernetes/kompose/pkg/loader/compose/v3.go:82.17,84.4 1 0
github.com/kubernetes/kompose/pkg/loader/compose/v3.go:88.17,90.4 1 0
github.com/kubernetes/kompose/pkg/loader/compose/v3.go:110.17,112.4 1 0
github.com/kubernetes/kompose/pkg/loader/compose/v3.go:113.20,115.4 1 0
github.com/kubernetes/kompose/pkg/loader/compose/v3.go:115.9,117.18 2 0
github.com/kubernetes/kompose/pkg/loader/compose/v3.go:117.18,119.5 1 0
github.com/kubernetes/kompose/pkg/loader/compose/v3.go:124.36,126.3 1 0
github.com/kubernetes/kompose/pkg/loader/compose/v3.go:130.16,132.3 1 0
github.com/kubernetes/kompose/pkg/loader/compose/v3.go:137.62,140.32 3 1
github.com/kubernetes/kompose/pkg/loader/compose/v3.go:157.2,157.18 1 1
github.com/kubernetes/kompose/pkg/loader/compose/v3.go:140.32,142.17 2 2
github.com/kubernetes/kompose/pkg/loader/compose/v3.go:146.3,146.30 1 1
github.com/kubernetes/kompose/pkg/loader/compose/v3.go:142.17,144.12 2 1
github.com/kubernetes/kompose/pkg/loader/compose/v3.go:146.30,148.4 1 0
github.com/kubernetes/kompose/pkg/loader/compose/v3.go:148.9,148.53 1 1
github.com/kubernetes/kompose/pkg/loader/compose/v3.go:148.53,150.4 1 0
github.com/kubernetes/kompose/pkg/loader/compose/v3.go:150.9,150.53 1 1
github.com/kubernetes/kompose/pkg/loader/compose/v3.go:150.53,153.4 2 1
github.com/kubernetes/kompose/pkg/loader/compose/v3.go:153.9,155.4 1 0
github.com/kubernetes/kompose/pkg/loader/compose/v3.go:164.66,166.30 2 1
github.com/kubernetes/kompose/pkg/loader/compose/v3.go:180.2,180.17 1 1
github.com/kubernetes/kompose/pkg/loader/compose/v3.go:166.30,170.23 2 1
github.com/kubernetes/kompose/pkg/loader/compose/v3.go:174.3,174.19 1 1
github.com/kubernetes/kompose/pkg/loader/compose/v3.go:178.3,178.33 1 1
github.com/kubernetes/kompose/pkg/loader/compose/v3.go:170.23,172.4 1 1
github.com/kubernetes/kompose/pkg/loader/compose/v3.go:174.19,176.4 1 1
github.com/kubernetes/kompose/pkg/loader/compose/v3.go:185.84,190.29 3 2
github.com/kubernetes/kompose/pkg/loader/compose/v3.go:204.2,204.19 1 2
github.com/kubernetes/kompose/pkg/loader/compose/v3.go:226.2,226.21 1 2
github.com/kubernetes/kompose/pkg/loader/compose/v3.go:190.29,202.3 2 2
github.com/kubernetes/kompose/pkg/loader/compose/v3.go:204.19,205.31 1 2
github.com/kubernetes/kompose/pkg/loader/compose/v3.go:205.31,208.40 3 3
github.com/kubernetes/kompose/pkg/loader/compose/v3.go:214.4,214.41 1 3
github.com/kubernetes/kompose/pkg/loader/compose/v3.go:217.4,222.6 1 2
github.com/kubernetes/kompose/pkg/loader/compose/v3.go:208.40,212.5 3 1
github.com/kubernetes/kompose/pkg/loader/compose/v3.go:214.41,215.13 1 1
github.com/kubernetes/kompose/pkg/loader/compose/v3.go:232.82,238.33 4 0
github.com/kubernetes/kompose/pkg/loader/compose/v3.go:269.2,269.23 1 0
github.com/kubernetes/kompose/pkg/loader/compose/v3.go:273.2,273.48 1 0
github.com/kubernetes/kompose/pkg/loader/compose/v3.go:278.2,285.8 1 0
github.com/kubernetes/kompose/pkg/loader/compose/v3.go:238.33,239.14 1 0
github.com/kubernetes/kompose/pkg/loader/compose/v3.go:240.36,241.32 1 0
github.com/kubernetes/kompose/pkg/loader/compose/v3.go:242.33,243.22 1 0
github.com/kubernetes/kompose/pkg/loader/compose/v3.go:246.37,248.18 2 0
github.com/kubernetes/kompose/pkg/loader/compose/v3.go:251.4,251.37 1 0
github.com/kubernetes/kompose/pkg/loader/compose/v3.go:252.36,254.18 2 0
github.com/kubernetes/kompose/pkg/loader/compose/v3.go:257.4,257.36 1 0
github.com/kubernetes/kompose/pkg/loader/compose/v3.go:258.36,259.33 1 0
github.com/kubernetes/kompose/pkg/loader/compose/v3.go:260.40,262.18 2 0
github.com/kubernetes/kompose/pkg/loader/compose/v3.go:265.4,265.40 1 0
github.com/kubernetes/kompose/pkg/loader/compose/v3.go:243.22,245.5 1 0
github.com/kubernetes/kompose/pkg/loader/compose/v3.go:248.18,250.5 1 0
github.com/kubernetes/kompose/pkg/loader/compose/v3.go:254.18,256.5 1 0
github.com/kubernetes/kompose/pkg/loader/compose/v3.go:262.18,264.5 1 0
github.com/kubernetes/kompose/pkg/loader/compose/v3.go:269.23,272.3 2 0
github.com/kubernetes/kompose/pkg/loader/compose/v3.go:273.48,275.3 1 0
github.com/kubernetes/kompose/pkg/loader/compose/v3.go:291.117,298.39 5 2
github.com/kubernetes/kompose/pkg/loader/compose/v3.go:306.2,306.40 1 2
github.com/kubernetes/kompose/pkg/loader/compose/v3.go:314.2,314.39 1 2
github.com/kubernetes/kompose/pkg/loader/compose/v3.go:318.2,318.43 1 2
github.com/kubernetes/kompose/pkg/loader/compose/v3.go:326.2,326.36 1 2
github.com/kubernetes/kompose/pkg/loader/compose/v3.go:330.2,330.33 1 2
github.com/kubernetes/kompose/pkg/loader/compose/v3.go:340.2,348.8 1 2
github.com/kubernetes/kompose/pkg/loader/compose/v3.go:298.39,300.17 2 2
github.com/kubernetes/kompose/pkg/loader/compose/v3.go:303.3,303.35 1 2
github.com/kubernetes/kompose/pkg/loader/compose/v3.go:300.17,302.4 1 0
github.com/kubernetes/kompose/pkg/loader/compose/v3.go:306.40,308.17 2 2
github.com/kubernetes/kompose/pkg/loader/compose/v3.go:311.3,311.36 1 2
github.com/kubernetes/kompose/pkg/loader/compose/v3.go:308.17,310.4 1 0
github.com/kubernetes/kompose/pkg/loader/compose/v3.go:314.39,316.3 1 2
github.com/kubernetes/kompose/pkg/loader/compose/v3.go:318.43,320.17 2 2
github.com/kubernetes/kompose/pkg/loader/compose/v3.go:323.3,323.39 1 2
github.com/kubernetes/kompose/pkg/loader/compose/v3.go:320.17,322.4 1 0
github.com/kubernetes/kompose/pkg/loader/compose/v3.go:326.36,328.3 1 1
github.com/kubernetes/kompose/pkg/loader/compose/v3.go:330.33,331.14 1 2
github.com/kubernetes/kompose/pkg/loader/compose/v3.go:332.39,333.20 1 1
github.com/kubernetes/kompose/pkg/loader/compose/v3.go:334.39,335.34 1 1
github.com/kubernetes/kompose/pkg/loader/compose/v3.go:351.96,362.62 2 0
github.com/kubernetes/kompose/pkg/loader/compose/v3.go:487.2,489.27 2 0
github.com/kubernetes/kompose/pkg/loader/compose/v3.go:362.62,386.50 21 0
github.com/kubernetes/kompose/pkg/loader/compose/v3.go:390.3,392.81 2 0
github.com/kubernetes/kompose/pkg/loader/compose/v3.go:398.3,403.91 3 0
github.com/kubernetes/kompose/pkg/loader/compose/v3.go:412.3,413.107 2 0
github.com/kubernetes/kompose/pkg/loader/compose/v3.go:422.3,423.55 2 0
github.com/kubernetes/kompose/pkg/loader/compose/v3.go:426.3,426.48 1 0
github.com/kubernetes/kompose/pkg/loader/compose/v3.go:432.3,432.50 1 0
github.com/kubernetes/kompose/pkg/loader/compose/v3.go:437.3,439.54 2 0
github.com/kubernetes/kompose/pkg/loader/compose/v3.go:446.3,469.89 9 0
github.com/kubernetes/kompose/pkg/loader/compose/v3.go:474.3,474.42 1 0
github.com/kubernetes/kompose/pkg/loader/compose/v3.go:478.3,480.56 3 0
github.com/kubernetes/kompose/pkg/loader/compose/v3.go:484.3,484.76 1 0
github.com/kubernetes/kompose/pkg/loader/compose/v3.go:386.50,388.4 1 0
github.com/kubernetes/kompose/pkg/loader/compose/v3.go:392.81,394.4 1 0
github.com/kubernetes/kompose/pkg/loader/compose/v3.go:403.91,406.18 3 0
github.com/kubernetes/kompose/pkg/loader/compose/v3.go:406.18,408.5 1 0
github.com/kubernetes/kompose/pkg/loader/compose/v3.go:413.107,415.27 2 0
github.com/kubernetes/kompose/pkg/loader/compose/v3.go:415.27,417.5 1 0
github.com/kubernetes/kompose/pkg/loader/compose/v3.go:423.55,425.4 1 0
github.com/kubernetes/kompose/pkg/loader/compose/v3.go:426.48,429.4 2 0
github.com/kubernetes/kompose/pkg/loader/compose/v3.go:432.50,434.4 1 0
github.com/kubernetes/kompose/pkg/loader/compose/v3.go:439.54,441.4 1 0
github.com/kubernetes/kompose/pkg/loader/compose/v3.go:469.89,471.4 1 0
github.com/kubernetes/kompose/pkg/loader/compose/v3.go:474.42,476.4 1 0
github.com/kubernetes/kompose/pkg/loader/compose/v3.go:480.56,482.4 1 0
github.com/kubernetes/kompose/pkg/loader/compose/v3.go:492.131,493.45 1 0
github.com/kubernetes/kompose/pkg/loader/compose/v3.go:493.45,494.66 1 0
github.com/kubernetes/kompose/pkg/loader/compose/v3.go:494.66,496.4 1 0
github.com/kubernetes/kompose/pkg/loader/compose/v3.go:497.8,499.50 2 0
github.com/kubernetes/kompose/pkg/loader/compose/v3.go:499.50,504.21 3 0
github.com/kubernetes/kompose/pkg/loader/compose/v3.go:507.4,507.66 1 0
github.com/kubernetes/kompose/pkg/loader/compose/v3.go:504.21,506.5 1 0
github.com/kubernetes/kompose/pkg/loader/compose/v3.go:512.110,513.66 1 0
github.com/kubernetes/kompose/pkg/loader/compose/v3.go:545.2,545.12 1 0
github.com/kubernetes/kompose/pkg/loader/compose/v3.go:513.66,522.58 1 0
github.com/kubernetes/kompose/pkg/loader/compose/v3.go:533.3,533.64 1 0
github.com/kubernetes/kompose/pkg/loader/compose/v3.go:522.58,525.67 2 0
github.com/kubernetes/kompose/pkg/loader/compose/v3.go:525.67,527.19 2 0
github.com/kubernetes/kompose/pkg/loader/compose/v3.go:530.5,530.52 1 0
github.com/kubernetes/kompose/pkg/loader/compose/v3.go:527.19,529.6 1 0
github.com/kubernetes/kompose/pkg/loader/compose/v3.go:533.64,536.73 2 0
github.com/kubernetes/kompose/pkg/loader/compose/v3.go:536.73,538.19 2 0
github.com/kubernetes/kompose/pkg/loader/compose/v3.go:541.5,541.64 1 0
github.com/kubernetes/kompose/pkg/loader/compose/v3.go:538.19,540.6 1 0
github.com/kubernetes/kompose/pkg/loader/compose/v3.go:548.106,553.60 1 0
github.com/kubernetes/kompose/pkg/loader/compose/v3.go:553.60,555.19 2 0
github.com/kubernetes/kompose/pkg/loader/compose/v3.go:565.3,565.69 1 0
github.com/kubernetes/kompose/pkg/loader/compose/v3.go:555.19,557.4 1 0
github.com/kubernetes/kompose/pkg/loader/compose/v3.go:557.9,559.10 2 0
github.com/kubernetes/kompose/pkg/loader/compose/v3.go:559.10,561.5 1 0
github.com/kubernetes/kompose/pkg/loader/compose/v3.go:561.10,562.13 1 0
github.com/kubernetes/kompose/pkg/loader/compose/v3.go:570.95,575.33 1 0
github.com/kubernetes/kompose/pkg/loader/compose/v3.go:579.2,579.33 1 0
github.com/kubernetes/kompose/pkg/loader/compose/v3.go:603.2,603.79 1 0
github.com/kubernetes/kompose/pkg/loader/compose/v3.go:607.2,607.101 1 0
github.com/kubernetes/kompose/pkg/loader/compose/v3.go:611.2,611.68 1 0
github.com/kubernetes/kompose/pkg/loader/compose/v3.go:615.2,615.12 1 0
github.com/kubernetes/kompose/pkg/loader/compose/v3.go:575.33,577.3 1 0
github.com/kubernetes/kompose/pkg/loader/compose/v3.go:579.33,580.14 1 0
github.com/kubernetes/kompose/pkg/loader/compose/v3.go:581.25,583.18 2 0
github.com/kubernetes/kompose/pkg/loader/compose/v3.go:587.4,587.43 1 0
github.com/kubernetes/kompose/pkg/loader/compose/v3.go:588.27,589.76 1 0
github.com/kubernetes/kompose/pkg/loader/compose/v3.go:590.26,591.52 1 0
github.com/kubernetes/kompose/pkg/loader/compose/v3.go:592.36,593.42 1 0
github.com/kubernetes/kompose/pkg/loader/compose/v3.go:594.29,595.41 1 0
github.com/kubernetes/kompose/pkg/loader/compose/v3.go:596.29,597.41 1 0
github.com/kubernetes/kompose/pkg/loader/compose/v3.go:598.11,599.37 1 0
github.com/kubernetes/kompose/pkg/loader/compose/v3.go:583.18,585.5 1 0
github.com/kubernetes/kompose/pkg/loader/compose/v3.go:603.79,605.3 1 0
github.com/kubernetes/kompose/pkg/loader/compose/v3.go:607.101,609.3 1 0
github.com/kubernetes/kompose/pkg/loader/compose/v3.go:611.68,613.3 1 0
github.com/kubernetes/kompose/pkg/loader/compose/v3.go:618.99,619.49 1 0
github.com/kubernetes/kompose/pkg/loader/compose/v3.go:619.49,622.17 2 0
github.com/kubernetes/kompose/pkg/loader/compose/v3.go:625.3,625.34 1 0
github.com/kubernetes/kompose/pkg/loader/compose/v3.go:636.3,638.44 3 0
github.com/kubernetes/kompose/pkg/loader/compose/v3.go:622.17,624.4 1 0
github.com/kubernetes/kompose/pkg/loader/compose/v3.go:625.34,627.42 2 0
github.com/kubernetes/kompose/pkg/loader/compose/v3.go:627.42,633.5 4 0
github.com/kubernetes/kompose/pkg/loader/compose/v3.go:642.94,645.40 2 0
github.com/kubernetes/kompose/pkg/loader/compose/v3.go:655.2,655.23 1 0
github.com/kubernetes/kompose/pkg/loader/compose/v3.go:645.40,646.41 1 0
github.com/kubernetes/kompose/pkg/loader/compose/v3.go:646.41,647.36 1 0
github.com/kubernetes/kompose/pkg/loader/compose/v3.go:647.36,649.5 1 0
github.com/kubernetes/kompose/pkg/loader/compose/v3.go:649.10,649.47 1 0
github.com/kubernetes/kompose/pkg/loader/compose/v3.go:649.47,651.5 1 0
github.com/kubernetes/kompose/pkg/loader/compose/v3.go:658.100,659.44 1 0
github.com/kubernetes/kompose/pkg/loader/compose/v3.go:662.2,663.50 2 0
github.com/kubernetes/kompose/pkg/loader/compose/v3.go:667.2,667.46 1 0
github.com/kubernetes/kompose/pkg/loader/compose/v3.go:869.2,869.48 1 0
github.com/kubernetes/kompose/pkg/loader/compose/v3.go:874.2,874.46 1 0
github.com/kubernetes/kompose/pkg/loader/compose/v3.go:879.2,879.46 1 0
github.com/kubernetes/kompose/pkg/loader/compose/v3.go:884.2,884.46 1 0
github.com/kubernetes/kompose/pkg/loader/compose/v3.go:888.2,888.24 1 0
github.com/kubernetes/kompose/pkg/loader/compose/v3.go:659.44,661.3 1 0
github.com/kubernetes/kompose/pkg/loader/compose/v3.go:663.50,665.3 1 0
github.com/kubernetes/kompose/pkg/loader/compose/v3.go:667.46,669.66 2 0
github.com/kubernetes/kompose/pkg/loader/compose/v3.go:675.3,676.37 2 0
github.com/kubernetes/kompose/pkg/loader/compose/v3.go:679.3,679.31 1 0
github.com/kubernetes/kompose/pkg/loader/compose/v3.go:682.3,682.32 1 0
github.com/kubernetes/kompose/pkg/loader/compose/v3.go:685.3,685.33 1 0
github.com/kubernetes/kompose/pkg/loader/compose/v3.go:688.3,688.32 1 0
github.com/kubernetes/kompose/pkg/loader/compose/v3.go:691.3,691.32 1 0
github.com/kubernetes/kompose/pkg/loader/compose/v3.go:694.3,694.34 1 0
github.com/kubernetes/kompose/pkg/loader/compose/v3.go:697.3,697.81 1 0
github.com/kubernetes/kompose/pkg/loader/compose/v3.go:700.3,700.34 1 0
github.com/kubernetes/kompose/pkg/loader/compose/v3.go:703.3,703.32 1 0
github.com/kubernetes/kompose/pkg/loader/compose/v3.go:706.3,706.45 1 0
github.com/kubernetes/kompose/pkg/loader/compose/v3.go:710.3,710.51 1 0
github.com/kubernetes/kompose/pkg/loader/compose/v3.go:714.3,714.32 1 0
github.com/kubernetes/kompose/pkg/loader/compose/v3.go:720.3,720.28 1 0
github.com/kubernetes/kompose/pkg/loader/compose/v3.go:724.3,724.34 1 0
github.com/kubernetes/kompose/pkg/loader/compose/v3.go:728.3,728.31 1 0
github.com/kubernetes/kompose/pkg/loader/compose/v3.go:731.3,731.35 1 0
github.com/kubernetes/kompose/pkg/loader/compose/v3.go:734.3,734.36 1 0
github.com/kubernetes/kompose/pkg/loader/compose/v3.go:740.3,740.32 1 0
github.com/kubernetes/kompose/pkg/loader/compose/v3.go:743.3,743.31 1 0
github.com/kubernetes/kompose/pkg/loader/compose/v3.go:747.3,747.38 1 0
github.com/kubernetes/kompose/pkg/loader/compose/v3.go:751.3,751.35 1 0
github.com/kubernetes/kompose/pkg/loader/compose/v3.go:754.3,754.29 1 0
github.com/kubernetes/kompose/pkg/loader/compose/v3.go:757.3,757.33 1 0
github.com/kubernetes/kompose/pkg/loader/compose/v3.go:760.3,760.26 1 0
github.com/kubernetes/kompose/pkg/loader/compose/v3.go:763.3,763.24 1 0
github.com/kubernetes/kompose/pkg/loader/compose/v3.go:766.3,766.31 1 0
github.com/kubernetes/kompose/pkg/loader/compose/v3.go:775.3,775.30 1 0
github.com/kubernetes/kompose/pkg/loader/compose/v3.go:778.3,778.29 1 0
github.com/kubernetes/kompose/pkg/loader/compose/v3.go:781.3,781.31 1 0
github.com/kubernetes/kompose/pkg/loader/compose/v3.go:784.3,784.32 1 0
github.com/kubernetes/kompose/pkg/loader/compose/v3.go:787.3,787.33 1 0
github.com/kubernetes/kompose/pkg/loader/compose/v3.go:790.3,790.24 1 0
github.com/kubernetes/kompose/pkg/loader/compose/v3.go:793.3,793.30 1 0
github.com/kubernetes/kompose/pkg/loader/compose/v3.go:797.3,797.53 1 0
github.com/kubernetes/kompose/pkg/loader/compose/v3.go:800.3,800.49 1 0
github.com/kubernetes/kompose/pkg/loader/compose/v3.go:803.3,803.28 1 0
github.com/kubernetes/kompose/pkg/loader/compose/v3.go:806.3,806.32 1 0
github.com/kubernetes/kompose/pkg/loader/compose/v3.go:809.3,809.36 1 0
github.com/kubernetes/kompose/pkg/loader/compose/v3.go:812.3,812.51 1 0
github.com/kubernetes/kompose/pkg/loader/compose/v3.go:815.3,815.31 1 0
github.com/kubernetes/kompose/pkg/loader/compose/v3.go:818.3,818.30 1 0
github.com/kubernetes/kompose/pkg/loader/compose/v3.go:822.3,822.39 1 0
github.com/kubernetes/kompose/pkg/loader/compose/v3.go:825.3,825.32 1 0
github.com/kubernetes/kompose/pkg/loader/compose/v3.go:828.3,828.25 1 0
github.com/kubernetes/kompose/pkg/loader/compose/v3.go:831.3,831.32 1 0
github.com/kubernetes/kompose/pkg/loader/compose/v3.go:862.3,862.31 1 0
github.com/kubernetes/kompose/pkg/loader/compose/v3.go:865.3,865.45 1 0
github.com/kubernetes/kompose/pkg/loader/compose/v3.go:669.66,671.12 2 0
github.com/kubernetes/kompose/pkg/loader/compose/v3.go:672.9,674.4 1 0
github.com/kubernetes/kompose/pkg/loader/compose/v3.go:676.37,678.4 1 0
github.com/kubernetes/kompose/pkg/loader/compose/v3.go:679.31,681.4 1 0
github.com/kubernetes/kompose/pkg/loader/compose/v3.go:682.32,684.4 1 0
github.com/kubernetes/kompose/pkg/loader/compose/v3.go:685.33,687.4 1 0
github.com/kubernetes/kompose/pkg/loader/compose/v3.go:688.32,690.4 1 0
github.com/kubernetes/kompose/pkg/loader/compose/v3.go:691.32,693.4 1 0
github.com/kubernetes/kompose/pkg/loader/compose/v3.go:694.34,696.4 1 0
github.com/kubernetes/kompose/pkg/loader/compose/v3.go:697.81,699.4 1 0
github.com/kubernetes/kompose/pkg/loader/compose/v3.go:700.34,702.4 1 0
github.com/kubernetes/kompose/pkg/loader/compose/v3.go:703.32,705.4 1 0
github.com/kubernetes/kompose/pkg/loader/compose/v3.go:706.45,708.4 1 0
github.com/kubernetes/kompose/pkg/loader/compose/v3.go:710.51,712.4 1 0
github.com/kubernetes/kompose/pkg/loader/compose/v3.go:714.32,719.4 1 0
github.com/kubernetes/kompose/pkg/loader/compose/v3.go:720.28,723.4 1 0
github.com/kubernetes/kompose/pkg/loader/compose/v3.go:724.34,727.4 1 0
github.com/kubernetes/kompose/pkg/loader/compose/v3.go:728.31,730.4 1 0
github.com/kubernetes/kompose/pkg/loader/compose/v3.go:731.35,733.4 1 0
github.com/kubernetes/kompose/pkg/loader/compose/v3.go:734.36,736.42 1 0
github.com/kubernetes/kompose/pkg/loader/compose/v3.go:736.42,738.5 1 0
github.com/kubernetes/kompose/pkg/loader/compose/v3.go:740.32,742.4 1 0
github.com/kubernetes/kompose/pkg/loader/compose/v3.go:743.31,746.4 1 0
github.com/kubernetes/kompose/pkg/loader/compose/v3.go:747.38,750.4 1 0
github.com/kubernetes/kompose/pkg/loader/compose/v3.go:751.35,753.4 1 0
github.com/kubernetes/kompose/pkg/loader/compose/v3.go:754.29,756.4 1 0
github.com/kubernetes/kompose/pkg/loader/compose/v3.go:757.33,759.4 1 0
github.com/kubernetes/kompose/pkg/loader/compose/v3.go:760.26,762.4 1 0
github.com/kubernetes/kompose/pkg/loader/compose/v3.go:763.24,765.4 1 0
github.com/kubernetes/kompose/pkg/loader/compose/v3.go:766.31,768.35 1 0
github.com/kubernetes/kompose/pkg/loader/compose/v3.go:771.4,771.37 1 0
github.com/kubernetes/kompose/pkg/loader/compose/v3.go:768.35,770.5 1 0
github.com/kubernetes/kompose/pkg/loader/compose/v3.go:771.37,773.5 1 0
github.com/kubernetes/kompose/pkg/loader/compose/v3.go:775.30,777.4 1 0
github.com/kubernetes/kompose/pkg/loader/compose/v3.go:778.29,780.4 1 0
github.com/kubernetes/kompose/pkg/loader/compose/v3.go:781.31,783.4 1 0
github.com/kubernetes/kompose/pkg/loader/compose/v3.go:784.32,786.4 1 0
github.com/kubernetes/kompose/pkg/loader/compose/v3.go:787.33,789.4 1 0
github.com/kubernetes/kompose/pkg/loader/compose/v3.go:790.24,792.4 1 0
github.com/kubernetes/kompose/pkg/loader/compose/v3.go:793.30,796.4 1 0
github.com/kubernetes/kompose/pkg/loader/compose/v3.go:797.53,799.4 1 0
github.com/kubernetes/kompose/pkg/loader/compose/v3.go:800.49,802.4 1 0
github.com/kubernetes/kompose/pkg/loader/compose/v3.go:803.28,805.4 1 0
github.com/kubernetes/kompose/pkg/loader/compose/v3.go:806.32,808.4 1 0
github.com/kubernetes/kompose/pkg/loader/compose/v3.go:809.36,811.4 1 0
github.com/kubernetes/kompose/pkg/loader/compose/v3.go:812.51,814.4 1 0
github.com/kubernetes/kompose/pkg/loader/compose/v3.go:815.31,817.4 1 0
github.com/kubernetes/kompose/pkg/loader/compose/v3.go:818.30,821.4 1 0
github.com/kubernetes/kompose/pkg/loader/compose/v3.go:822.39,824.4 1 0
github.com/kubernetes/kompose/pkg/loader/compose/v3.go:825.32,827.4 1 0
github.com/kubernetes/kompose/pkg/loader/compose/v3.go:828.25,830.4 1 0
github.com/kubernetes/kompose/pkg/loader/compose/v3.go:831.32,841.52 3 0
github.com/kubernetes/kompose/pkg/loader/compose/v3.go:846.4,846.46 1 0
github.com/kubernetes/kompose/pkg/loader/compose/v3.go:854.4,856.29 2 0
github.com/kubernetes/kompose/pkg/loader/compose/v3.go:860.4,860.35 1 0
github.com/kubernetes/kompose/pkg/loader/compose/v3.go:841.52,844.5 2 0
github.com/kubernetes/kompose/pkg/loader/compose/v3.go:846.46,847.57 1 0
github.com/kubernetes/kompose/pkg/loader/compose/v3.go:850.5,850.51 1 0
github.com/kubernetes/kompose/pkg/loader/compose/v3.go:847.57,849.6 1 0
github.com/kubernetes/kompose/pkg/loader/compose/v3.go:856.29,858.5 1 0
github.com/kubernetes/kompose/pkg/loader/compose/v3.go:862.31,864.4 1 0
github.com/kubernetes/kompose/pkg/loader/compose/v3.go:869.48,871.3 1 0
github.com/kubernetes/kompose/pkg/loader/compose/v3.go:874.46,876.3 1 0
github.com/kubernetes/kompose/pkg/loader/compose/v3.go:879.46,881.3 1 0
github.com/kubernetes/kompose/pkg/loader/compose/v3.go:884.46,886.3 1 0
github.com/kubernetes/kompose/pkg/loader/compose/v3.go:891.69,892.26 1 0
github.com/kubernetes/kompose/pkg/loader/compose/v3.go:896.2,898.49 2 0
github.com/kubernetes/kompose/pkg/loader/compose/v3.go:913.2,913.47 1 0
github.com/kubernetes/kompose/pkg/loader/compose/v3.go:919.2,919.18 1 0
github.com/kubernetes/kompose/pkg/loader/compose/v3.go:892.26,894.3 1 0
github.com/kubernetes/kompose/pkg/loader/compose/v3.go:898.49,899.45 1 0
github.com/kubernetes/kompose/pkg/loader/compose/v3.go:908.3,908.81 1 0
github.com/kubernetes/kompose/pkg/loader/compose/v3.go:899.45,900.27 1 0
github.com/kubernetes/kompose/pkg/loader/compose/v3.go:903.4,903.27 1 0
github.com/kubernetes/kompose/pkg/loader/compose/v3.go:900.27,902.5 1 0
github.com/kubernetes/kompose/pkg/loader/compose/v3.go:903.27,905.5 1 0
github.com/kubernetes/kompose/pkg/loader/compose/v3.go:908.81,910.4 1 0
github.com/kubernetes/kompose/pkg/loader/compose/v3.go:913.47,914.31 1 0
github.com/kubernetes/kompose/pkg/loader/compose/v3.go:914.31,916.4 1 0
github.com/kubernetes/kompose/pkg/loader/compose/compose.go:44.68,82.102 3 2
github.com/kubernetes/kompose/pkg/loader/compose/compose.go:87.2,87.43 1 2
github.com/kubernetes/kompose/pkg/loader/compose/compose.go:91.2,91.68 1 2
github.com/kubernetes/kompose/pkg/loader/compose/compose.go:142.2,142.18 1 2
github.com/kubernetes/kompose/pkg/loader/compose/compose.go:82.102,84.3 1 0
github.com/kubernetes/kompose/pkg/loader/compose/compose.go:87.43,89.3 1 1
github.com/kubernetes/kompose/pkg/loader/compose/compose.go:91.68,96.32 3 3
github.com/kubernetes/kompose/pkg/loader/compose/compose.go:96.32,98.69 1 174
github.com/kubernetes/kompose/pkg/loader/compose/compose.go:98.69,99.38 1 69
github.com/kubernetes/kompose/pkg/loader/compose/compose.go:99.38,102.75 1 0
github.com/kubernetes/kompose/pkg/loader/compose/compose.go:109.6,110.32 2 0
github.com/kubernetes/kompose/pkg/loader/compose/compose.go:118.6,118.108 1 0
github.com/kubernetes/kompose/pkg/loader/compose/compose.go:136.6,137.37 2 0
github.com/kubernetes/kompose/pkg/loader/compose/compose.go:102.75,103.27 1 0
github.com/kubernetes/kompose/pkg/loader/compose/compose.go:103.27,105.16 1 0
github.com/kubernetes/kompose/pkg/loader/compose/compose.go:110.32,112.108 1 0
github.com/kubernetes/kompose/pkg/loader/compose/compose.go:112.108,114.16 1 0
github.com/kubernetes/kompose/pkg/loader/compose/compose.go:118.108,121.45 2 0
github.com/kubernetes/kompose/pkg/loader/compose/compose.go:131.7,131.36 1 0
github.com/kubernetes/kompose/pkg/loader/compose/compose.go:121.45,122.76 1 0
github.com/kubernetes/kompose/pkg/loader/compose/compose.go:122.76,125.82 3 0
github.com/kubernetes/kompose/pkg/loader/compose/compose.go:125.82,127.15 2 0
github.com/kubernetes/kompose/pkg/loader/compose/compose.go:131.36,132.16 1 0
github.com/kubernetes/kompose/pkg/loader/compose/compose.go:146.75,150.29 2 0
github.com/kubernetes/kompose/pkg/loader/compose/compose.go:163.2,166.17 2 0
github.com/kubernetes/kompose/pkg/loader/compose/compose.go:150.29,152.17 2 0
github.com/kubernetes/kompose/pkg/loader/compose/compose.go:157.3,157.67 1 0
github.com/kubernetes/kompose/pkg/loader/compose/compose.go:160.3,160.27 1 0
github.com/kubernetes/kompose/pkg/loader/compose/compose.go:152.17,154.4 1 0
github.com/kubernetes/kompose/pkg/loader/compose/compose.go:157.67,159.4 1 0
github.com/kubernetes/kompose/pkg/loader/compose/compose.go:169.48,171.17 2 0
github.com/kubernetes/kompose/pkg/loader/compose/compose.go:174.3,174.28 1 0
github.com/kubernetes/kompose/pkg/loader/compose/compose.go:176.74,178.17 2 0
github.com/kubernetes/kompose/pkg/loader/compose/compose.go:181.3,181.28 1 0
github.com/kubernetes/kompose/pkg/loader/compose/compose.go:182.10,183.133 1 0
github.com/kubernetes/kompose/pkg/loader/compose/compose.go:171.17,173.4 1 0
github.com/kubernetes/kompose/pkg/loader/compose/compose.go:178.17,180.4 1 0
github.com/kubernetes/kompose/pkg/loader/compose/compose.go:187.54,194.16 4 0
github.com/kubernetes/kompose/pkg/loader/compose/compose.go:198.2,199.16 2 0
github.com/kubernetes/kompose/pkg/loader/compose/compose.go:203.2,203.29 1 0
github.com/kubernetes/kompose/pkg/loader/compose/compose.go:194.16,196.3 1 0
github.com/kubernetes/kompose/pkg/loader/compose/compose.go:199.16,201.3 1 0
github.com/kubernetes/kompose/pkg/loader/compose/utils.go:69.52,71.27 2 8
github.com/kubernetes/kompose/pkg/loader/compose/utils.go:108.2,108.13 1 8
github.com/kubernetes/kompose/pkg/loader/compose/utils.go:71.27,75.10 4 8
github.com/kubernetes/kompose/pkg/loader/compose/utils.go:90.3,90.22 1 8
github.com/kubernetes/kompose/pkg/loader/compose/utils.go:76.41,77.18 1 2
github.com/kubernetes/kompose/pkg/loader/compose/utils.go:78.41,79.19 1 2
github.com/kubernetes/kompose/pkg/loader/compose/utils.go:80.41,81.19 1 2
github.com/kubernetes/kompose/pkg/loader/compose/utils.go:82.41,83.27 1 2
github.com/kubernetes/kompose/pkg/loader/compose/utils.go:83.27,85.5 1 1
github.com/kubernetes/kompose/pkg/loader/compose/utils.go:85.10,87.5 1 1
github.com/kubernetes/kompose/pkg/loader/compose/utils.go:90.22,95.4 1 2
github.com/kubernetes/kompose/pkg/loader/compose/utils.go:95.9,98.23 2 6
github.com/kubernetes/kompose/pkg/loader/compose/utils.go:101.4,104.6 1 6
github.com/kubernetes/kompose/pkg/loader/compose/utils.go:98.23,100.5 1 2
github.com/kubernetes/kompose/pkg/loader/compose/utils.go:113.61,115.40 2 0
github.com/kubernetes/kompose/pkg/loader/compose/utils.go:122.2,122.37 1 0
github.com/kubernetes/kompose/pkg/loader/compose/utils.go:115.40,117.17 2 0
github.com/kubernetes/kompose/pkg/loader/compose/utils.go:120.3,120.48 1 0
github.com/kubernetes/kompose/pkg/loader/compose/utils.go:117.17,119.4 1 0
github.com/kubernetes/kompose/pkg/loader/compose/utils.go:125.60,126.38 1 7
github.com/kubernetes/kompose/pkg/loader/compose/utils.go:127.23,128.47 1 3
github.com/kubernetes/kompose/pkg/loader/compose/utils.go:129.18,130.46 1 2
github.com/kubernetes/kompose/pkg/loader/compose/utils.go:131.22,132.50 1 2
github.com/kubernetes/kompose/pkg/loader/compose/utils.go:133.18,134.34 1 0
github.com/kubernetes/kompose/pkg/loader/compose/utils.go:135.10,136.132 1 0
github.com/kubernetes/kompose/pkg/loader/compose/utils.go:140.53,142.2 1 0
github.com/kubernetes/kompose/pkg/loader/compose/utils.go:144.51,147.2 2 3
github.com/kubernetes/kompose/pkg/loader/compose/utils.go:149.46,151.2 1 0
github.com/kubernetes/kompose/pkg/loader/compose/utils.go:153.60,157.16 4 4
github.com/kubernetes/kompose/pkg/loader/compose/utils.go:160.2,161.20 2 4
github.com/kubernetes/kompose/pkg/loader/compose/utils.go:157.16,159.3 1 0
github.com/kubernetes/kompose/pkg/loader/compose/utils.go:165.48,166.21 1 0
github.com/kubernetes/kompose/pkg/loader/compose/utils.go:174.2,174.34 1 0
github.com/kubernetes/kompose/pkg/loader/compose/utils.go:166.21,167.23 1 0
github.com/kubernetes/kompose/pkg/loader/compose/utils.go:172.3,172.24 1 0
github.com/kubernetes/kompose/pkg/loader/compose/utils.go:167.23,171.4 3 0
github.com/kubernetes/kompose/pkg/loader/compose/v1v2.go:43.63,48.35 3 0
github.com/kubernetes/kompose/pkg/loader/compose/v1v2.go:52.2,52.38 1 0
github.com/kubernetes/kompose/pkg/loader/compose/v1v2.go:68.2,70.16 3 0
github.com/kubernetes/kompose/pkg/loader/compose/v1v2.go:74.2,75.36 2 0
github.com/kubernetes/kompose/pkg/loader/compose/v1v2.go:80.2,81.16 2 0
github.com/kubernetes/kompose/pkg/loader/compose/v1v2.go:85.2,85.27 1 0
github.com/kubernetes/kompose/pkg/loader/compose/v1v2.go:48.35,50.3 1 0
github.com/kubernetes/kompose/pkg/loader/compose/v1v2.go:52.38,54.17 2 0
github.com/kubernetes/kompose/pkg/loader/compose/v1v2.go:57.3,64.4 1 0
github.com/kubernetes/kompose/pkg/loader/compose/v1v2.go:54.17,56.4 1 0
github.com/kubernetes/kompose/pkg/loader/compose/v1v2.go:70.16,72.3 1 0
github.com/kubernetes/kompose/pkg/loader/compose/v1v2.go:75.36,77.3 1 0
github.com/kubernetes/kompose/pkg/loader/compose/v1v2.go:81.16,83.3 1 0
github.com/kubernetes/kompose/pkg/loader/compose/v1v2.go:90.81,94.34 3 9
github.com/kubernetes/kompose/pkg/loader/compose/v1v2.go:142.2,142.23 1 9
github.com/kubernetes/kompose/pkg/loader/compose/v1v2.go:147.2,147.19 1 9
github.com/kubernetes/kompose/pkg/loader/compose/v1v2.go:166.2,166.16 1 9
github.com/kubernetes/kompose/pkg/loader/compose/v1v2.go:94.34,97.55 2 11
github.com/kubernetes/kompose/pkg/loader/compose/v1v2.go:104.3,105.17 2 11
github.com/kubernetes/kompose/pkg/loader/compose/v1v2.go:112.3,112.26 1 11
github.com/kubernetes/kompose/pkg/loader/compose/v1v2.go:119.3,120.21 2 11
github.com/kubernetes/kompose/pkg/loader/compose/v1v2.go:123.3,125.27 2 11
github.com/kubernetes/kompose/pkg/loader/compose/v1v2.go:97.55,98.72 1 2
github.com/kubernetes/kompose/pkg/loader/compose/v1v2.go:101.4,101.21 1 2
github.com/kubernetes/kompose/pkg/loader/compose/v1v2.go:98.72,100.5 1 0
github.com/kubernetes/kompose/pkg/loader/compose/v1v2.go:105.17,107.4 1 0
github.com/kubernetes/kompose/pkg/loader/compose/v1v2.go:112.26,113.25 1 26
github.com/kubernetes/kompose/pkg/loader/compose/v1v2.go:113.25,116.5 2 26
github.com/kubernetes/kompose/pkg/loader/compose/v1v2.go:120.21,122.4 1 26
github.com/kubernetes/kompose/pkg/loader/compose/v1v2.go:125.27,127.18 2 26
github.com/kubernetes/kompose/pkg/loader/compose/v1v2.go:130.4,130.27 1 26
github.com/kubernetes/kompose/pkg/loader/compose/v1v2.go:127.18,129.5 1 0
github.com/kubernetes/kompose/pkg/loader/compose/v1v2.go:130.27,137.5 1 26
github.com/kubernetes/kompose/pkg/loader/compose/v1v2.go:142.23,145.3 1 26
github.com/kubernetes/kompose/pkg/loader/compose/v1v2.go:147.19,148.31 1 1
github.com/kubernetes/kompose/pkg/loader/compose/v1v2.go:148.31,151.40 3 2
github.com/kubernetes/kompose/pkg/loader/compose/v1v2.go:157.4,157.42 1 2
github.com/kubernetes/kompose/pkg/loader/compose/v1v2.go:151.40,155.5 3 0
github.com/kubernetes/kompose/pkg/loader/compose/v1v2.go:157.42,162.5 1 1
github.com/kubernetes/kompose/pkg/loader/compose/v1v2.go:170.96,179.77 2 0
github.com/kubernetes/kompose/pkg/loader/compose/v1v2.go:285.2,287.27 2 0
github.com/kubernetes/kompose/pkg/loader/compose/v1v2.go:179.77,185.52 6 0
github.com/kubernetes/kompose/pkg/loader/compose/v1v2.go:188.3,200.47 10 0
github.com/kubernetes/kompose/pkg/loader/compose/v1v2.go:205.3,206.17 2 0
github.com/kubernetes/kompose/pkg/loader/compose/v1v2.go:209.3,213.42 3 0
github.com/kubernetes/kompose/pkg/loader/compose/v1v2.go:223.3,223.89 1 0
github.com/kubernetes/kompose/pkg/loader/compose/v1v2.go:227.3,228.17 2 0
github.com/kubernetes/kompose/pkg/loader/compose/v1v2.go:233.3,250.48 15 0
github.com/kubernetes/kompose/pkg/loader/compose/v1v2.go:255.3,255.43 1 0
github.com/kubernetes/kompose/pkg/loader/compose/v1v2.go:272.3,273.17 2 0
github.com/kubernetes/kompose/pkg/loader/compose/v1v2.go:276.3,279.42 3 0
github.com/kubernetes/kompose/pkg/loader/compose/v1v2.go:185.52,187.4 1 0
github.com/kubernetes/kompose/pkg/loader/compose/v1v2.go:200.47,202.4 1 0
github.com/kubernetes/kompose/pkg/loader/compose/v1v2.go:206.17,208.4 1 0
github.com/kubernetes/kompose/pkg/loader/compose/v1v2.go:213.42,214.64 1 0
github.com/kubernetes/kompose/pkg/loader/compose/v1v2.go:214.64,217.5 2 0
github.com/kubernetes/kompose/pkg/loader/compose/v1v2.go:223.89,225.4 1 0
github.com/kubernetes/kompose/pkg/loader/compose/v1v2.go:228.17,230.4 1 0
github.com/kubernetes/kompose/pkg/loader/compose/v1v2.go:250.48,253.4 2 0
github.com/kubernetes/kompose/pkg/loader/compose/v1v2.go:255.43,256.55 1 0
github.com/kubernetes/kompose/pkg/loader/compose/v1v2.go:256.55,257.66 1 0
github.com/kubernetes/kompose/pkg/loader/compose/v1v2.go:257.66,258.33 1 0
github.com/kubernetes/kompose/pkg/loader/compose/v1v2.go:258.33,260.21 2 0
github.com/kubernetes/kompose/pkg/loader/compose/v1v2.go:263.7,263.49 1 0
github.com/kubernetes/kompose/pkg/loader/compose/v1v2.go:266.7,266.82 1 0
github.com/kubernetes/kompose/pkg/loader/compose/v1v2.go:260.21,262.8 1 0
github.com/kubernetes/kompose/pkg/loader/compose/v1v2.go:263.49,265.8 1 0
github.com/kubernetes/kompose/pkg/loader/compose/v1v2.go:273.17,275.4 1 0
github.com/kubernetes/kompose/pkg/loader/compose/v1v2.go:279.42,281.4 1 0
github.com/kubernetes/kompose/pkg/loader/compose/v1v2.go:291.57,292.49 1 0
github.com/kubernetes/kompose/pkg/loader/compose/v1v2.go:292.49,295.17 2 0
github.com/kubernetes/kompose/pkg/loader/compose/v1v2.go:299.3,301.44 3 0
github.com/kubernetes/kompose/pkg/loader/compose/v1v2.go:295.17,297.4 1 0
github.com/kubernetes/kompose/pkg/loader/compose/v1v2.go:305.74,306.73 1 2
github.com/kubernetes/kompose/pkg/loader/compose/v1v2.go:309.2,309.12 1 1
github.com/kubernetes/kompose/pkg/loader/compose/v1v2.go:306.73,308.3 1 1
github.com/kubernetes/kompose/pkg/loader/compose/v1v2.go:313.112,315.62 1 0
github.com/kubernetes/kompose/pkg/loader/compose/v1v2.go:362.2,362.8 1 0
github.com/kubernetes/kompose/pkg/loader/compose/v1v2.go:315.62,317.76 1 0
github.com/kubernetes/kompose/pkg/loader/compose/v1v2.go:317.76,320.18 2 0
github.com/kubernetes/kompose/pkg/loader/compose/v1v2.go:323.4,325.18 3 0
github.com/kubernetes/kompose/pkg/loader/compose/v1v2.go:329.4,329.29 1 0
github.com/kubernetes/kompose/pkg/loader/compose/v1v2.go:346.4,346.29 1 0
github.com/kubernetes/kompose/pkg/loader/compose/v1v2.go:320.18,322.5 1 0
github.com/kubernetes/kompose/pkg/loader/compose/v1v2.go:325.18,327.5 1 0
github.com/kubernetes/kompose/pkg/loader/compose/v1v2.go:329.29,332.11 2 0
github.com/kubernetes/kompose/pkg/loader/compose/v1v2.go:343.5,343.32 1 0
github.com/kubernetes/kompose/pkg/loader/compose/v1v2.go:332.11,334.24 1 0
github.com/kubernetes/kompose/pkg/loader/compose/v1v2.go:341.6,341.29 1 0
github.com/kubernetes/kompose/pkg/loader/compose/v1v2.go:334.24,337.7 2 0
github.com/kubernetes/kompose/pkg/loader/compose/v1v2.go:337.12,340.7 2 0
github.com/kubernetes/kompose/pkg/loader/compose/v1v2.go:346.29,348.38 1 0
github.com/kubernetes/kompose/pkg/loader/compose/v1v2.go:348.38,352.6 2 0
github.com/kubernetes/kompose/pkg/loader/compose/v1v2.go:355.8,358.17 2 0
github.com/kubernetes/kompose/pkg/loader/compose/v1v2.go:358.17,360.4 1 0
github.com/kubernetes/kompose/pkg/loader/compose/v1v2.go:366.75,367.29 1 0
github.com/kubernetes/kompose/pkg/loader/compose/v1v2.go:372.2,372.13 1 0
github.com/kubernetes/kompose/pkg/loader/compose/v1v2.go:367.29,368.32 1 0
github.com/kubernetes/kompose/pkg/loader/compose/v1v2.go:368.32,370.4 1 0
github.com/kubernetes/kompose/pkg/loader/compose/v1v2.go:376.78,380.30 3 0
github.com/kubernetes/kompose/pkg/loader/compose/v1v2.go:393.2,393.21 1 0
github.com/kubernetes/kompose/pkg/loader/compose/v1v2.go:380.30,383.17 3 0
github.com/kubernetes/kompose/pkg/loader/compose/v1v2.go:386.3,390.31 5 0
github.com/kubernetes/kompose/pkg/loader/compose/v1v2.go:383.17,385.4 1 0
github.com/kubernetes/kompose/pkg/loader/compose/v1v2.go:397.85,398.26 1 0
github.com/kubernetes/kompose/pkg/loader/compose/v1v2.go:403.2,403.33 1 0
github.com/kubernetes/kompose/pkg/loader/compose/v1v2.go:398.26,399.39 1 0
github.com/kubernetes/kompose/pkg/loader/compose/v1v2.go:399.39,401.4 1 0
github.com/kubernetes/kompose/pkg/loader/compose/v1v2.go:407.51,409.26 2 0
github.com/kubernetes/kompose/pkg/loader/compose/v1v2.go:416.2,416.22 1 0
github.com/kubernetes/kompose/pkg/loader/compose/v1v2.go:409.26,411.17 2 0
github.com/kubernetes/kompose/pkg/loader/compose/v1v2.go:414.3,414.40 1 0
github.com/kubernetes/kompose/pkg/loader/compose/v1v2.go:411.17,413.4 1 0
github.com/kubernetes/kompose/pkg/transformer/utils.go:42.28,45.2 2 0
github.com/kubernetes/kompose/pkg/transformer/utils.go:48.50,49.19 1 0
github.com/kubernetes/kompose/pkg/transformer/utils.go:53.2,53.44 1 0
github.com/kubernetes/kompose/pkg/transformer/utils.go:58.2,59.16 2 0
github.com/kubernetes/kompose/pkg/transformer/utils.go:62.2,62.15 1 0
github.com/kubernetes/kompose/pkg/transformer/utils.go:49.19,51.3 1 0
github.com/kubernetes/kompose/pkg/transformer/utils.go:53.44,54.55 1 0
github.com/kubernetes/kompose/pkg/transformer/utils.go:54.55,56.4 1 0
github.com/kubernetes/kompose/pkg/transformer/utils.go:59.16,61.3 1 0
github.com/kubernetes/kompose/pkg/transformer/utils.go:66.81,71.29 3 9
github.com/kubernetes/kompose/pkg/transformer/utils.go:76.2,76.31 1 9
github.com/kubernetes/kompose/pkg/transformer/utils.go:82.2,82.29 1 9
github.com/kubernetes/kompose/pkg/transformer/utils.go:88.2,93.60 2 9
github.com/kubernetes/kompose/pkg/transformer/utils.go:103.2,105.29 3 9
github.com/kubernetes/kompose/pkg/transformer/utils.go:108.2,108.86 1 9
github.com/kubernetes/kompose/pkg/transformer/utils.go:112.2,112.8 1 9
github.com/kubernetes/kompose/pkg/transformer/utils.go:71.29,73.3 1 0
github.com/kubernetes/kompose/pkg/transformer/utils.go:76.31,79.3 2 4
github.com/kubernetes/kompose/pkg/transformer/utils.go:82.29,85.3 2 0
github.com/kubernetes/kompose/pkg/transformer/utils.go:93.60,97.3 3 1
github.com/kubernetes/kompose/pkg/transformer/utils.go:97.8,97.69 1 8
github.com/kubernetes/kompose/pkg/transformer/utils.go:97.69,100.3 2 4
github.com/kubernetes/kompose/pkg/transformer/utils.go:105.29,107.3 1 5
github.com/kubernetes/kompose/pkg/transformer/utils.go:108.86,111.3 2 0
github.com/kubernetes/kompose/pkg/transformer/utils.go:117.52,118.32 1 0
github.com/kubernetes/kompose/pkg/transformer/utils.go:122.2,122.16 1 0
github.com/kubernetes/kompose/pkg/transformer/utils.go:118.32,121.3 2 0
github.com/kubernetes/kompose/pkg/transformer/utils.go:125.36,127.2 1 23
github.com/kubernetes/kompose/pkg/transformer/utils.go:130.50,132.2 1 0
github.com/kubernetes/kompose/pkg/transformer/utils.go:135.75,139.24 3 0
github.com/kubernetes/kompose/pkg/transformer/utils.go:142.2,142.15 1 0
github.com/kubernetes/kompose/pkg/transformer/utils.go:139.24,141.3 1 0
github.com/kubernetes/kompose/pkg/transformer/utils.go:147.85,149.33 2 0
github.com/kubernetes/kompose/pkg/transformer/utils.go:154.2,154.13 1 0
github.com/kubernetes/kompose/pkg/transformer/utils.go:149.33,150.42 1 0
github.com/kubernetes/kompose/pkg/transformer/utils.go:150.42,152.4 1 0
github.com/kubernetes/kompose/pkg/transformer/utils.go:158.73,160.46 2 0
github.com/kubernetes/kompose/pkg/transformer/utils.go:164.2,164.36 1 0
github.com/kubernetes/kompose/pkg/transformer/utils.go:168.2,171.16 4 0
github.com/kubernetes/kompose/pkg/transformer/utils.go:174.2,177.42 2 0
github.com/kubernetes/kompose/pkg/transformer/utils.go:181.2,181.20 1 0
github.com/kubernetes/kompose/pkg/transformer/utils.go:160.46,162.3 1 0
github.com/kubernetes/kompose/pkg/transformer/utils.go:164.36,166.3 1 0
github.com/kubernetes/kompose/pkg/transformer/utils.go:171.16,173.3 1 0
github.com/kubernetes/kompose/pkg/transformer/utils.go:177.42,179.3 1 0
github.com/kubernetes/kompose/pkg/transformer/utils.go:185.135,187.18 2 0
github.com/kubernetes/kompose/pkg/transformer/utils.go:192.2,192.14 1 0
github.com/kubernetes/kompose/pkg/transformer/utils.go:209.2,209.18 1 0
github.com/kubernetes/kompose/pkg/transformer/utils.go:187.18,189.3 1 0
github.com/kubernetes/kompose/pkg/transformer/utils.go:189.8,191.3 1 0
github.com/kubernetes/kompose/pkg/transformer/utils.go:192.14,195.3 2 0
github.com/kubernetes/kompose/pkg/transformer/utils.go:195.8,195.21 1 0
github.com/kubernetes/kompose/pkg/transformer/utils.go:195.21,197.77 1 0
github.com/kubernetes/kompose/pkg/transformer/utils.go:200.3,200.11 1 0
github.com/kubernetes/kompose/pkg/transformer/utils.go:197.77,199.4 1 0
github.com/kubernetes/kompose/pkg/transformer/utils.go:201.8,204.60 2 0
github.com/kubernetes/kompose/pkg/transformer/utils.go:207.3,207.71 1 0
github.com/kubernetes/kompose/pkg/transformer/utils.go:204.60,206.4 1 0
github.com/kubernetes/kompose/pkg/transformer/utils.go:213.49,214.46 1 2
github.com/kubernetes/kompose/pkg/transformer/utils.go:219.2,219.17 1 0
github.com/kubernetes/kompose/pkg/transformer/utils.go:214.46,216.3 1 1
github.com/kubernetes/kompose/pkg/transformer/utils.go:216.8,216.54 1 1
github.com/kubernetes/kompose/pkg/transformer/utils.go:216.54,218.3 1 1
github.com/kubernetes/kompose/pkg/transformer/utils.go:226.30,228.2 1 0
github.com/kubernetes/kompose/pkg/transformer/utils.go:232.40,234.2 1 0
github.com/kubernetes/kompose/pkg/transformer/utils.go:237.35,239.2 1 0
github.com/kubernetes/kompose/pkg/transformer/utils.go:242.61,245.40 2 1
github.com/kubernetes/kompose/pkg/transformer/utils.go:252.2,253.37 2 1
github.com/kubernetes/kompose/pkg/transformer/utils.go:245.40,247.17 2 1
github.com/kubernetes/kompose/pkg/transformer/utils.go:250.3,250.48 1 1
github.com/kubernetes/kompose/pkg/transformer/utils.go:247.17,249.4 1 0
github.com/kubernetes/kompose/pkg/transformer/utils.go:257.73,259.16 2 0
github.com/kubernetes/kompose/pkg/transformer/utils.go:263.2,267.32 3 0
github.com/kubernetes/kompose/pkg/transformer/utils.go:270.2,272.46 2 0
github.com/kubernetes/kompose/pkg/transformer/utils.go:276.2,277.25 2 0
github.com/kubernetes/kompose/pkg/transformer/utils.go:281.2,282.51 2 0
github.com/kubernetes/kompose/pkg/transformer/utils.go:293.2,294.16 2 0
github.com/kubernetes/kompose/pkg/transformer/utils.go:300.2,303.16 3 0
github.com/kubernetes/kompose/pkg/transformer/utils.go:307.2,307.12 1 0
github.com/kubernetes/kompose/pkg/transformer/utils.go:259.16,261.3 1 0
github.com/kubernetes/kompose/pkg/transformer/utils.go:267.32,269.3 1 0
github.com/kubernetes/kompose/pkg/transformer/utils.go:272.46,274.3 1 0
github.com/kubernetes/kompose/pkg/transformer/utils.go:277.25,279.3 1 0
github.com/kubernetes/kompose/pkg/transformer/utils.go:282.51,284.22 2 0
github.com/kubernetes/kompose/pkg/transformer/utils.go:289.3,289.81 1 0
github.com/kubernetes/kompose/pkg/transformer/utils.go:284.22,286.4 1 0
github.com/kubernetes/kompose/pkg/transformer/utils.go:286.9,288.4 1 0
github.com/kubernetes/kompose/pkg/transformer/utils.go:294.16,296.3 1 0
github.com/kubernetes/kompose/pkg/transformer/utils.go:303.16,305.3 1 0
github.com/kubernetes/kompose/pkg/transformer/utils.go:311.79,316.25 2 0
github.com/kubernetes/kompose/pkg/transformer/utils.go:322.2,323.16 2 0
github.com/kubernetes/kompose/pkg/transformer/utils.go:327.2,330.16 3 0
github.com/kubernetes/kompose/pkg/transformer/utils.go:334.2,334.12 1 0
github.com/kubernetes/kompose/pkg/transformer/utils.go:316.25,319.3 2 0
github.com/kubernetes/kompose/pkg/transformer/utils.go:323.16,325.3 1 0
github.com/kubernetes/kompose/pkg/transformer/utils.go:330.16,332.3 1 0
github.com/kubernetes/kompose/pkg/transformer/kubernetes/k8sutils.go:53.41,63.16 5 0
github.com/kubernetes/kompose/pkg/transformer/kubernetes/k8sutils.go:67.2,67.16 1 0
github.com/kubernetes/kompose/pkg/transformer/kubernetes/k8sutils.go:80.2,82.16 3 0
github.com/kubernetes/kompose/pkg/transformer/kubernetes/k8sutils.go:87.2,98.16 3 0
github.com/kubernetes/kompose/pkg/transformer/kubernetes/k8sutils.go:101.2,105.16 4 0
github.com/kubernetes/kompose/pkg/transformer/kubernetes/k8sutils.go:109.2,110.12 2 0
github.com/kubernetes/kompose/pkg/transformer/kubernetes/k8sutils.go:63.16,65.3 1 0
github.com/kubernetes/kompose/pkg/transformer/kubernetes/k8sutils.go:67.16,69.17 2 0
github.com/kubernetes/kompose/pkg/transformer/kubernetes/k8sutils.go:73.3,74.17 2 0
github.com/kubernetes/kompose/pkg/transformer/kubernetes/k8sutils.go:69.17,71.4 1 0
github.com/kubernetes/kompose/pkg/transformer/kubernetes/k8sutils.go:74.17,76.4 1 0
github.com/kubernetes/kompose/pkg/transformer/kubernetes/k8sutils.go:82.16,84.3 1 0
github.com/kubernetes/kompose/pkg/transformer/kubernetes/k8sutils.go:98.16,100.3 1 0
github.com/kubernetes/kompose/pkg/transformer/kubernetes/k8sutils.go:105.16,107.3 1 0
github.com/kubernetes/kompose/pkg/transformer/kubernetes/k8sutils.go:114.39,117.16 2 3
github.com/kubernetes/kompose/pkg/transformer/kubernetes/k8sutils.go:120.2,124.16 3 2
github.com/kubernetes/kompose/pkg/transformer/kubernetes/k8sutils.go:129.2,129.22 1 2
github.com/kubernetes/kompose/pkg/transformer/kubernetes/k8sutils.go:132.2,132.19 1 1
github.com/kubernetes/kompose/pkg/transformer/kubernetes/k8sutils.go:117.16,119.3 1 1
github.com/kubernetes/kompose/pkg/transformer/kubernetes/k8sutils.go:124.16,126.3 1 0
github.com/kubernetes/kompose/pkg/transformer/kubernetes/k8sutils.go:129.22,131.3 1 1
github.com/kubernetes/kompose/pkg/transformer/kubernetes/k8sutils.go:135.52,137.19 2 0
github.com/kubernetes/kompose/pkg/transformer/kubernetes/k8sutils.go:147.2,147.16 1 0
github.com/kubernetes/kompose/pkg/transformer/kubernetes/k8sutils.go:137.19,139.22 1 0
github.com/kubernetes/kompose/pkg/transformer/kubernetes/k8sutils.go:139.22,143.4 3 0
github.com/kubernetes/kompose/pkg/transformer/kubernetes/k8sutils.go:143.9,145.4 1 0
github.com/kubernetes/kompose/pkg/transformer/kubernetes/k8sutils.go:150.62,159.2 4 0
github.com/kubernetes/kompose/pkg/transformer/kubernetes/k8sutils.go:162.76,168.77 4 0
github.com/kubernetes/kompose/pkg/transformer/kubernetes/k8sutils.go:175.2,176.16 2 0
github.com/kubernetes/kompose/pkg/transformer/kubernetes/k8sutils.go:179.2,179.21 1 0
github.com/kubernetes/kompose/pkg/transformer/kubernetes/k8sutils.go:182.2,182.15 1 0
github.com/kubernetes/kompose/pkg/transformer/kubernetes/k8sutils.go:193.2,197.30 2 0
github.com/kubernetes/kompose/pkg/transformer/kubernetes/k8sutils.go:277.2,277.21 1 0
github.com/kubernetes/kompose/pkg/transformer/kubernetes/k8sutils.go:283.2,283.12 1 0
github.com/kubernetes/kompose/pkg/transformer/kubernetes/k8sutils.go:168.77,169.63 1 0
github.com/kubernetes/kompose/pkg/transformer/kubernetes/k8sutils.go:169.63,171.4 1 0
github.com/kubernetes/kompose/pkg/transformer/kubernetes/k8sutils.go:176.16,178.3 1 0
github.com/kubernetes/kompose/pkg/transformer/kubernetes/k8sutils.go:179.21,181.3 1 0
github.com/kubernetes/kompose/pkg/transformer/kubernetes/k8sutils.go:182.15,184.17 2 0
github.com/kubernetes/kompose/pkg/transformer/kubernetes/k8sutils.go:187.3,187.28 1 0
github.com/kubernetes/kompose/pkg/transformer/kubernetes/k8sutils.go:190.3,190.18 1 0
github.com/kubernetes/kompose/pkg/transformer/kubernetes/k8sutils.go:184.17,186.4 1 0
github.com/kubernetes/kompose/pkg/transformer/kubernetes/k8sutils.go:187.28,189.4 1 0
github.com/kubernetes/kompose/pkg/transformer/kubernetes/k8sutils.go:197.30,200.34 2 0
github.com/kubernetes/kompose/pkg/transformer/kubernetes/k8sutils.go:209.3,213.17 5 0
github.com/kubernetes/kompose/pkg/transformer/kubernetes/k8sutils.go:216.3,217.17 2 0
github.com/kubernetes/kompose/pkg/transformer/kubernetes/k8sutils.go:220.3,221.17 2 0
github.com/kubernetes/kompose/pkg/transformer/kubernetes/k8sutils.go:224.3,224.34 1 0
github.com/kubernetes/kompose/pkg/transformer/kubernetes/k8sutils.go:200.34,202.18 2 0
github.com/kubernetes/kompose/pkg/transformer/kubernetes/k8sutils.go:206.4,206.65 1 0
github.com/kubernetes/kompose/pkg/transformer/kubernetes/k8sutils.go:202.18,204.5 1 0
github.com/kubernetes/kompose/pkg/transformer/kubernetes/k8sutils.go:213.17,215.4 1 0
github.com/kubernetes/kompose/pkg/transformer/kubernetes/k8sutils.go:217.17,219.4 1 0
github.com/kubernetes/kompose/pkg/transformer/kubernetes/k8sutils.go:221.17,223.4 1 0
github.com/kubernetes/kompose/pkg/transformer/kubernetes/k8sutils.go:225.8,227.22 2 0
github.com/kubernetes/kompose/pkg/transformer/kubernetes/k8sutils.go:231.3,231.57 1 0
github.com/kubernetes/kompose/pkg/transformer/kubernetes/k8sutils.go:235.3,237.29 2 0
github.com/kubernetes/kompose/pkg/transformer/kubernetes/k8sutils.go:227.22,229.4 1 0
github.com/kubernetes/kompose/pkg/transformer/kubernetes/k8sutils.go:231.57,233.4 1 0
github.com/kubernetes/kompose/pkg/transformer/kubernetes/k8sutils.go:237.29,239.18 2 0
github.com/kubernetes/kompose/pkg/transformer/kubernetes/k8sutils.go:242.4,243.18 2 0
github.com/kubernetes/kompose/pkg/transformer/kubernetes/k8sutils.go:247.4,250.52 3 0
github.com/kubernetes/kompose/pkg/transformer/kubernetes/k8sutils.go:269.4,270.18 2 0
github.com/kubernetes/kompose/pkg/transformer/kubernetes/k8sutils.go:274.4,274.31 1 0
github.com/kubernetes/kompose/pkg/transformer/kubernetes/k8sutils.go:239.18,241.5 1 0
github.com/kubernetes/kompose/pkg/transformer/kubernetes/k8sutils.go:243.18,245.5 1 0
github.com/kubernetes/kompose/pkg/transformer/kubernetes/k8sutils.go:250.52,258.5 2 0
github.com/kubernetes/kompose/pkg/transformer/kubernetes/k8sutils.go:258.10,267.5 3 0
github.com/kubernetes/kompose/pkg/transformer/kubernetes/k8sutils.go:270.18,272.5 1 0
github.com/kubernetes/kompose/pkg/transformer/kubernetes/k8sutils.go:277.21,279.17 2 0
github.com/kubernetes/kompose/pkg/transformer/kubernetes/k8sutils.go:279.17,281.4 1 0
github.com/kubernetes/kompose/pkg/transformer/kubernetes/k8sutils.go:287.88,289.16 1 0
github.com/kubernetes/kompose/pkg/transformer/kubernetes/k8sutils.go:294.2,294.16 1 0
github.com/kubernetes/kompose/pkg/transformer/kubernetes/k8sutils.go:297.2,297.8 1 0
github.com/kubernetes/kompose/pkg/transformer/kubernetes/k8sutils.go:289.16,291.3 1 0
github.com/kubernetes/kompose/pkg/transformer/kubernetes/k8sutils.go:291.8,293.3 1 0
github.com/kubernetes/kompose/pkg/transformer/kubernetes/k8sutils.go:294.16,296.3 1 0
github.com/kubernetes/kompose/pkg/transformer/kubernetes/k8sutils.go:301.55,310.16 3 0
github.com/kubernetes/kompose/pkg/transformer/kubernetes/k8sutils.go:314.2,317.48 4 0
github.com/kubernetes/kompose/pkg/transformer/kubernetes/k8sutils.go:320.2,320.23 1 0
github.com/kubernetes/kompose/pkg/transformer/kubernetes/k8sutils.go:310.16,312.3 1 0
github.com/kubernetes/kompose/pkg/transformer/kubernetes/k8sutils.go:317.48,319.3 1 0
github.com/kubernetes/kompose/pkg/transformer/kubernetes/k8sutils.go:326.67,328.16 2 0
github.com/kubernetes/kompose/pkg/transformer/kubernetes/k8sutils.go:332.2,333.16 2 0
github.com/kubernetes/kompose/pkg/transformer/kubernetes/k8sutils.go:337.2,337.15 1 0
github.com/kubernetes/kompose/pkg/transformer/kubernetes/k8sutils.go:328.16,330.3 1 0
github.com/kubernetes/kompose/pkg/transformer/kubernetes/k8sutils.go:333.16,335.3 1 0
github.com/kubernetes/kompose/pkg/transformer/kubernetes/k8sutils.go:342.101,344.51 1 0
github.com/kubernetes/kompose/pkg/transformer/kubernetes/k8sutils.go:348.2,348.17 1 0
github.com/kubernetes/kompose/pkg/transformer/kubernetes/k8sutils.go:344.51,346.3 1 0
github.com/kubernetes/kompose/pkg/transformer/kubernetes/k8sutils.go:366.69,368.2 1 21
github.com/kubernetes/kompose/pkg/transformer/kubernetes/k8sutils.go:370.123,373.21 3 0
github.com/kubernetes/kompose/pkg/transformer/kubernetes/k8sutils.go:377.2,377.21 1 0
github.com/kubernetes/kompose/pkg/transformer/kubernetes/k8sutils.go:381.2,381.13 1 0
github.com/kubernetes/kompose/pkg/transformer/kubernetes/k8sutils.go:373.21,376.3 2 0
github.com/kubernetes/kompose/pkg/transformer/kubernetes/k8sutils.go:377.21,380.3 2 0
github.com/kubernetes/kompose/pkg/transformer/kubernetes/k8sutils.go:384.118,395.2 6 0
github.com/kubernetes/kompose/pkg/transformer/kubernetes/k8sutils.go:398.119,405.39 4 17
github.com/kubernetes/kompose/pkg/transformer/kubernetes/k8sutils.go:413.2,416.12 3 17
github.com/kubernetes/kompose/pkg/transformer/kubernetes/k8sutils.go:405.39,408.3 2 0
github.com/kubernetes/kompose/pkg/transformer/kubernetes/k8sutils.go:408.8,410.3 1 17
github.com/kubernetes/kompose/pkg/transformer/kubernetes/k8sutils.go:424.127,442.2 8 2
github.com/kubernetes/kompose/pkg/transformer/kubernetes/k8sutils.go:445.151,448.16 2 21
github.com/kubernetes/kompose/pkg/transformer/kubernetes/k8sutils.go:453.2,454.16 2 21
github.com/kubernetes/kompose/pkg/transformer/kubernetes/k8sutils.go:458.2,458.28 1 21
github.com/kubernetes/kompose/pkg/transformer/kubernetes/k8sutils.go:466.2,466.16 1 21
github.com/kubernetes/kompose/pkg/transformer/kubernetes/k8sutils.go:475.2,475.16 1 21
github.com/kubernetes/kompose/pkg/transformer/kubernetes/k8sutils.go:482.2,491.60 4 21
github.com/kubernetes/kompose/pkg/transformer/kubernetes/k8sutils.go:643.2,643.50 1 21
github.com/kubernetes/kompose/pkg/transformer/kubernetes/k8sutils.go:648.2,648.31 1 21
github.com/kubernetes/kompose/pkg/transformer/kubernetes/k8sutils.go:662.2,662.12 1 21
github.com/kubernetes/kompose/pkg/transformer/kubernetes/k8sutils.go:448.16,450.3 1 0
github.com/kubernetes/kompose/pkg/transformer/kubernetes/k8sutils.go:454.16,456.3 1 0
github.com/kubernetes/kompose/pkg/transformer/kubernetes/k8sutils.go:458.28,464.3 3 10
github.com/kubernetes/kompose/pkg/transformer/kubernetes/k8sutils.go:466.16,470.25 1 11
github.com/kubernetes/kompose/pkg/transformer/kubernetes/k8sutils.go:470.25,472.4 1 11
github.com/kubernetes/kompose/pkg/transformer/kubernetes/k8sutils.go:475.16,476.25 1 0
github.com/kubernetes/kompose/pkg/transformer/kubernetes/k8sutils.go:476.25,478.4 1 0
github.com/kubernetes/kompose/pkg/transformer/kubernetes/k8sutils.go:491.60,492.37 1 20
github.com/kubernetes/kompose/pkg/transformer/kubernetes/k8sutils.go:495.3,506.79 10 20
github.com/kubernetes/kompose/pkg/transformer/kubernetes/k8sutils.go:538.3,538.80 1 20
github.com/kubernetes/kompose/pkg/transformer/kubernetes/k8sutils.go:562.3,562.36 1 20
github.com/kubernetes/kompose/pkg/transformer/kubernetes/k8sutils.go:569.3,575.24 3 20
github.com/kubernetes/kompose/pkg/transformer/kubernetes/k8sutils.go:584.3,584.30 1 20
github.com/kubernetes/kompose/pkg/transformer/kubernetes/k8sutils.go:589.3,590.25 2 20
github.com/kubernetes/kompose/pkg/transformer/kubernetes/k8sutils.go:593.3,593.25 1 20
github.com/kubernetes/kompose/pkg/transformer/kubernetes/k8sutils.go:603.3,603.62 1 20
github.com/kubernetes/kompose/pkg/transformer/kubernetes/k8sutils.go:608.3,608.50 1 20
github.com/kubernetes/kompose/pkg/transformer/kubernetes/k8sutils.go:611.3,611.72 1 20
github.com/kubernetes/kompose/pkg/transformer/kubernetes/k8sutils.go:614.3,618.83 3 20
github.com/kubernetes/kompose/pkg/transformer/kubernetes/k8sutils.go:625.3,625.74 1 20
github.com/kubernetes/kompose/pkg/transformer/kubernetes/k8sutils.go:632.3,632.29 1 20
github.com/kubernetes/kompose/pkg/transformer/kubernetes/k8sutils.go:635.3,635.31 1 20
github.com/kubernetes/kompose/pkg/transformer/kubernetes/k8sutils.go:639.3,639.13 1 20
github.com/kubernetes/kompose/pkg/transformer/kubernetes/k8sutils.go:492.37,494.4 1 18
github.com/kubernetes/kompose/pkg/transformer/kubernetes/k8sutils.go:506.79,509.51 2 1
github.com/kubernetes/kompose/pkg/transformer/kubernetes/k8sutils.go:527.4,536.54 5 1
github.com/kubernetes/kompose/pkg/transformer/kubernetes/k8sutils.go:509.51,515.5 1 1
github.com/kubernetes/kompose/pkg/transformer/kubernetes/k8sutils.go:515.10,516.71 1 0
github.com/kubernetes/kompose/pkg/transformer/kubernetes/k8sutils.go:516.71,523.5 1 0
github.com/kubernetes/kompose/pkg/transformer/kubernetes/k8sutils.go:523.10,525.5 1 0
github.com/kubernetes/kompose/pkg/transformer/kubernetes/k8sutils.go:538.80,540.52 2 1
github.com/kubernetes/kompose/pkg/transformer/kubernetes/k8sutils.go:550.4,559.75 5 1
github.com/kubernetes/kompose/pkg/transformer/kubernetes/k8sutils.go:540.52,546.5 1 1
github.com/kubernetes/kompose/pkg/transformer/kubernetes/k8sutils.go:546.10,548.5 1 0
github.com/kubernetes/kompose/pkg/transformer/kubernetes/k8sutils.go:562.36,564.18 2 0
github.com/kubernetes/kompose/pkg/transformer/kubernetes/k8sutils.go:564.18,566.5 1 0
github.com/kubernetes/kompose/pkg/transformer/kubernetes/k8sutils.go:575.24,576.29 1 2
github.com/kubernetes/kompose/pkg/transformer/kubernetes/k8sutils.go:576.30,578.5 0 1
github.com/kubernetes/kompose/pkg/transformer/kubernetes/k8sutils.go:578.10,580.5 1 1
github.com/kubernetes/kompose/pkg/transformer/kubernetes/k8sutils.go:584.30,586.4 1 9
github.com/kubernetes/kompose/pkg/transformer/kubernetes/k8sutils.go:590.25,592.4 1 13
github.com/kubernetes/kompose/pkg/transformer/kubernetes/k8sutils.go:593.25,595.18 2 1
github.com/kubernetes/kompose/pkg/transformer/kubernetes/k8sutils.go:595.18,597.5 1 0
github.com/kubernetes/kompose/pkg/transformer/kubernetes/k8sutils.go:597.10,599.5 1 1
github.com/kubernetes/kompose/pkg/transformer/kubernetes/k8sutils.go:603.62,605.4 1 13
github.com/kubernetes/kompose/pkg/transformer/kubernetes/k8sutils.go:608.50,610.4 1 13
github.com/kubernetes/kompose/pkg/transformer/kubernetes/k8sutils.go:611.72,613.4 1 9
github.com/kubernetes/kompose/pkg/transformer/kubernetes/k8sutils.go:618.83,620.4 1 0
github.com/kubernetes/kompose/pkg/transformer/kubernetes/k8sutils.go:620.9,622.4 1 20
github.com/kubernetes/kompose/pkg/transformer/kubernetes/k8sutils.go:625.74,627.4 1 0
github.com/kubernetes/kompose/pkg/transformer/kubernetes/k8sutils.go:627.9,629.4 1 20
github.com/kubernetes/kompose/pkg/transformer/kubernetes/k8sutils.go:632.29,634.4 1 0
github.com/kubernetes/kompose/pkg/transformer/kubernetes/k8sutils.go:635.31,637.4 1 0
github.com/kubernetes/kompose/pkg/transformer/kubernetes/k8sutils.go:643.50,645.3 1 18
github.com/kubernetes/kompose/pkg/transformer/kubernetes/k8sutils.go:648.31,650.17 2 51
github.com/kubernetes/kompose/pkg/transformer/kubernetes/k8sutils.go:653.3,653.31 1 51
github.com/kubernetes/kompose/pkg/transformer/kubernetes/k8sutils.go:650.17,652.4 1 0
github.com/kubernetes/kompose/pkg/transformer/kubernetes/k8sutils.go:653.31,654.33 1 33
github.com/kubernetes/kompose/pkg/transformer/kubernetes/k8sutils.go:655.28,656.71 1 7
github.com/kubernetes/kompose/pkg/transformer/kubernetes/k8sutils.go:657.37,658.74 1 0
github.com/kubernetes/kompose/pkg/transformer/kubernetes/k8sutils.go:666.90,668.52 1 20
github.com/kubernetes/kompose/pkg/transformer/kubernetes/k8sutils.go:683.2,683.64 1 20
github.com/kubernetes/kompose/pkg/transformer/kubernetes/k8sutils.go:697.2,697.8 1 20
github.com/kubernetes/kompose/pkg/transformer/kubernetes/k8sutils.go:668.52,671.28 2 2
github.com/kubernetes/kompose/pkg/transformer/kubernetes/k8sutils.go:675.3,675.28 1 2
github.com/kubernetes/kompose/pkg/transformer/kubernetes/k8sutils.go:679.3,679.63 1 2
github.com/kubernetes/kompose/pkg/transformer/kubernetes/k8sutils.go:671.28,673.4 1 1
github.com/kubernetes/kompose/pkg/transformer/kubernetes/k8sutils.go:675.28,677.4 1 1
github.com/kubernetes/kompose/pkg/transformer/kubernetes/k8sutils.go:683.64,686.34 2 2
github.com/kubernetes/kompose/pkg/transformer/kubernetes/k8sutils.go:690.3,690.34 1 2
github.com/kubernetes/kompose/pkg/transformer/kubernetes/k8sutils.go:694.3,694.68 1 2
github.com/kubernetes/kompose/pkg/transformer/kubernetes/k8sutils.go:686.34,688.4 1 1
github.com/kubernetes/kompose/pkg/transformer/kubernetes/k8sutils.go:690.34,692.4 1 1
github.com/kubernetes/kompose/pkg/transformer/kubernetes/k8sutils.go:701.70,702.16 1 20
github.com/kubernetes/kompose/pkg/transformer/kubernetes/k8sutils.go:713.2,713.16 1 20
github.com/kubernetes/kompose/pkg/transformer/kubernetes/k8sutils.go:703.10,703.10 0 20
github.com/kubernetes/kompose/pkg/transformer/kubernetes/k8sutils.go:704.16,705.29 1 0
github.com/kubernetes/kompose/pkg/transformer/kubernetes/k8sutils.go:706.15,707.28 1 0
github.com/kubernetes/kompose/pkg/transformer/kubernetes/k8sutils.go:708.22,709.35 1 0
github.com/kubernetes/kompose/pkg/transformer/kubernetes/k8sutils.go:710.10,711.88 1 0
github.com/kubernetes/kompose/pkg/transformer/kubernetes/k8sutils.go:717.72,718.17 1 20
github.com/kubernetes/kompose/pkg/transformer/kubernetes/k8sutils.go:719.27,720.38 1 18
github.com/kubernetes/kompose/pkg/transformer/kubernetes/k8sutils.go:721.20,722.37 1 1
github.com/kubernetes/kompose/pkg/transformer/kubernetes/k8sutils.go:723.20,724.41 1 1
github.com/kubernetes/kompose/pkg/transformer/kubernetes/k8sutils.go:725.10,726.86 1 0
github.com/kubernetes/kompose/pkg/transformer/kubernetes/k8sutils.go:733.64,736.28 2 21
github.com/kubernetes/kompose/pkg/transformer/kubernetes/k8sutils.go:743.2,745.13 3 21
github.com/kubernetes/kompose/pkg/transformer/kubernetes/k8sutils.go:736.28,737.63 1 83
github.com/kubernetes/kompose/pkg/transformer/kubernetes/k8sutils.go:737.63,739.4 1 18
github.com/kubernetes/kompose/pkg/transformer/kubernetes/k8sutils.go:739.9,741.4 1 65
github.com/kubernetes/kompose/pkg/transformer/kubernetes/k8sutils.go:752.63,755.28 3 21
github.com/kubernetes/kompose/pkg/transformer/kubernetes/k8sutils.go:769.2,769.16 1 21
github.com/kubernetes/kompose/pkg/transformer/kubernetes/k8sutils.go:755.28,756.40 1 83
github.com/kubernetes/kompose/pkg/transformer/kubernetes/k8sutils.go:756.40,758.16 2 83
github.com/kubernetes/kompose/pkg/transformer/kubernetes/k8sutils.go:758.16,760.13 2 0
github.com/kubernetes/kompose/pkg/transformer/kubernetes/k8sutils.go:761.10,764.5 2 83
github.com/kubernetes/kompose/pkg/transformer/kubernetes/k8sutils.go:765.9,767.4 1 0
github.com/kubernetes/kompose/pkg/transformer/kubernetes/k8sutils.go:773.63,775.49 2 22
github.com/kubernetes/kompose/pkg/transformer/kubernetes/k8sutils.go:778.2,779.19 2 22
github.com/kubernetes/kompose/pkg/transformer/kubernetes/k8sutils.go:775.49,777.3 1 23
github.com/kubernetes/kompose/pkg/transformer/kubernetes/k8sutils.go:783.56,784.13 1 5
github.com/kubernetes/kompose/pkg/transformer/kubernetes/k8sutils.go:787.2,788.16 2 4
github.com/kubernetes/kompose/pkg/transformer/kubernetes/k8sutils.go:791.2,792.16 2 2
github.com/kubernetes/kompose/pkg/transformer/kubernetes/k8sutils.go:784.13,786.3 1 1
github.com/kubernetes/kompose/pkg/transformer/kubernetes/k8sutils.go:788.16,790.3 1 2
github.com/kubernetes/kompose/pkg/transformer/kubernetes/k8sutils.go:796.90,799.16 2 0
github.com/kubernetes/kompose/pkg/transformer/kubernetes/k8sutils.go:802.2,806.16 3 0
github.com/kubernetes/kompose/pkg/transformer/kubernetes/k8sutils.go:810.2,810.21 1 0
github.com/kubernetes/kompose/pkg/transformer/kubernetes/k8sutils.go:799.16,801.3 1 0
github.com/kubernetes/kompose/pkg/transformer/kubernetes/k8sutils.go:806.16,808.3 1 0
github.com/kubernetes/kompose/pkg/transformer/kubernetes/k8sutils.go:814.54,816.16 2 0
github.com/kubernetes/kompose/pkg/transformer/kubernetes/k8sutils.go:819.2,819.31 1 0
github.com/kubernetes/kompose/pkg/transformer/kubernetes/k8sutils.go:816.16,818.3 1 0
github.com/kubernetes/kompose/pkg/transformer/kubernetes/k8sutils.go:823.40,828.2 4 0
github.com/kubernetes/kompose/pkg/transformer/kubernetes/k8sutils.go:831.41,839.2 2 0
github.com/kubernetes/kompose/pkg/transformer/kubernetes/k8sutils.go:842.46,845.2 2 18
github.com/kubernetes/kompose/pkg/transformer/kubernetes/k8sutils.go:848.45,850.2 1 0
github.com/kubernetes/kompose/pkg/transformer/kubernetes/kubernetes.go:76.121,80.61 2 0
github.com/kubernetes/kompose/pkg/transformer/kubernetes/kubernetes.go:105.2,105.18 1 0
github.com/kubernetes/kompose/pkg/transformer/kubernetes/kubernetes.go:80.61,85.32 3 0
github.com/kubernetes/kompose/pkg/transformer/kubernetes/kubernetes.go:85.32,87.69 1 0
github.com/kubernetes/kompose/pkg/transformer/kubernetes/kubernetes.go:87.69,88.38 1 0
github.com/kubernetes/kompose/pkg/transformer/kubernetes/kubernetes.go:88.38,91.75 1 0
github.com/kubernetes/kompose/pkg/transformer/kubernetes/kubernetes.go:98.6,100.37 3 0
github.com/kubernetes/kompose/pkg/transformer/kubernetes/kubernetes.go:91.75,92.27 1 0
github.com/kubernetes/kompose/pkg/transformer/kubernetes/kubernetes.go:92.27,94.16 1 0
github.com/kubernetes/kompose/pkg/transformer/kubernetes/kubernetes.go:109.92,110.17 1 21
github.com/kubernetes/kompose/pkg/transformer/kubernetes/kubernetes.go:114.2,122.22 2 21
github.com/kubernetes/kompose/pkg/transformer/kubernetes/kubernetes.go:129.2,129.12 1 21
github.com/kubernetes/kompose/pkg/transformer/kubernetes/kubernetes.go:110.17,112.3 1 0
github.com/kubernetes/kompose/pkg/transformer/kubernetes/kubernetes.go:122.22,128.3 1 0
github.com/kubernetes/kompose/pkg/transformer/kubernetes/kubernetes.go:133.117,137.40 3 0
github.com/kubernetes/kompose/pkg/transformer/kubernetes/kubernetes.go:178.2,188.12 2 0
github.com/kubernetes/kompose/pkg/transformer/kubernetes/kubernetes.go:137.40,140.19 3 0
github.com/kubernetes/kompose/pkg/transformer/kubernetes/kubernetes.go:144.3,149.17 5 0
github.com/kubernetes/kompose/pkg/transformer/kubernetes/kubernetes.go:154.3,159.24 2 0
github.com/kubernetes/kompose/pkg/transformer/kubernetes/kubernetes.go:164.3,175.35 3 0
github.com/kubernetes/kompose/pkg/transformer/kubernetes/kubernetes.go:140.19,143.4 1 0
github.com/kubernetes/kompose/pkg/transformer/kubernetes/kubernetes.go:149.17,152.12 2 0
github.com/kubernetes/kompose/pkg/transformer/kubernetes/kubernetes.go:159.24,162.4 2 0
github.com/kubernetes/kompose/pkg/transformer/kubernetes/kubernetes.go:192.87,207.2 2 19
github.com/kubernetes/kompose/pkg/transformer/kubernetes/kubernetes.go:210.145,212.16 2 0
github.com/kubernetes/kompose/pkg/transformer/kubernetes/kubernetes.go:218.2,233.18 3 0
github.com/kubernetes/kompose/pkg/transformer/kubernetes/kubernetes.go:212.16,214.3 1 0
github.com/kubernetes/kompose/pkg/transformer/kubernetes/kubernetes.go:239.135,253.16 4 0
github.com/kubernetes/kompose/pkg/transformer/kubernetes/kubernetes.go:257.2,257.28 1 0
github.com/kubernetes/kompose/pkg/transformer/kubernetes/kubernetes.go:285.2,285.23 1 0
github.com/kubernetes/kompose/pkg/transformer/kubernetes/kubernetes.go:253.16,255.3 1 0
github.com/kubernetes/kompose/pkg/transformer/kubernetes/kubernetes.go:258.20,260.17 2 0
github.com/kubernetes/kompose/pkg/transformer/kubernetes/kubernetes.go:264.3,264.30 1 0
github.com/kubernetes/kompose/pkg/transformer/kubernetes/kubernetes.go:274.3,274.27 1 0
github.com/kubernetes/kompose/pkg/transformer/kubernetes/kubernetes.go:276.24,282.4 3 0
github.com/kubernetes/kompose/pkg/transformer/kubernetes/kubernetes.go:260.17,262.4 1 0
github.com/kubernetes/kompose/pkg/transformer/kubernetes/kubernetes.go:264.30,265.21 1 0
github.com/kubernetes/kompose/pkg/transformer/kubernetes/kubernetes.go:265.21,268.19 3 0
github.com/kubernetes/kompose/pkg/transformer/kubernetes/kubernetes.go:271.5,271.32 1 0
github.com/kubernetes/kompose/pkg/transformer/kubernetes/kubernetes.go:268.19,270.6 1 0
github.com/kubernetes/kompose/pkg/transformer/kubernetes/kubernetes.go:290.46,291.27 1 0
github.com/kubernetes/kompose/pkg/transformer/kubernetes/kubernetes.go:294.2,294.45 1 0
github.com/kubernetes/kompose/pkg/transformer/kubernetes/kubernetes.go:297.2,297.13 1 0
github.com/kubernetes/kompose/pkg/transformer/kubernetes/kubernetes.go:291.27,293.3 1 0
github.com/kubernetes/kompose/pkg/transformer/kubernetes/kubernetes.go:294.45,296.3 1 0
github.com/kubernetes/kompose/pkg/transformer/kubernetes/kubernetes.go:301.120,303.16 2 0
github.com/kubernetes/kompose/pkg/transformer/kubernetes/kubernetes.go:307.2,311.54 4 0
github.com/kubernetes/kompose/pkg/transformer/kubernetes/kubernetes.go:316.2,327.18 2 0
github.com/kubernetes/kompose/pkg/transformer/kubernetes/kubernetes.go:303.16,305.3 1 0
github.com/kubernetes/kompose/pkg/transformer/kubernetes/kubernetes.go:311.54,312.33 1 0
github.com/kubernetes/kompose/pkg/transformer/kubernetes/kubernetes.go:312.33,314.4 1 0
github.com/kubernetes/kompose/pkg/transformer/kubernetes/kubernetes.go:331.105,333.30 2 15
github.com/kubernetes/kompose/pkg/transformer/kubernetes/kubernetes.go:339.2,367.19 5 15
github.com/kubernetes/kompose/pkg/transformer/kubernetes/kubernetes.go:383.2,383.11 1 15
github.com/kubernetes/kompose/pkg/transformer/kubernetes/kubernetes.go:333.30,335.3 1 0
github.com/kubernetes/kompose/pkg/transformer/kubernetes/kubernetes.go:335.8,337.3 1 15
github.com/kubernetes/kompose/pkg/transformer/kubernetes/kubernetes.go:367.19,373.29 3 0
github.com/kubernetes/kompose/pkg/transformer/kubernetes/kubernetes.go:376.3,377.35 2 0
github.com/kubernetes/kompose/pkg/transformer/kubernetes/kubernetes.go:380.3,380.99 1 0
github.com/kubernetes/kompose/pkg/transformer/kubernetes/kubernetes.go:373.29,375.4 1 0
github.com/kubernetes/kompose/pkg/transformer/kubernetes/kubernetes.go:377.35,379.4 1 0
github.com/kubernetes/kompose/pkg/transformer/kubernetes/kubernetes.go:387.91,404.2 2 3
github.com/kubernetes/kompose/pkg/transformer/kubernetes/kubernetes.go:406.117,424.29 4 2
github.com/kubernetes/kompose/pkg/transformer/kubernetes/kubernetes.go:448.2,448.36 1 2
github.com/kubernetes/kompose/pkg/transformer/kubernetes/kubernetes.go:465.2,465.16 1 2
github.com/kubernetes/kompose/pkg/transformer/kubernetes/kubernetes.go:424.29,443.21 3 2
github.com/kubernetes/kompose/pkg/transformer/kubernetes/kubernetes.go:443.21,446.4 2 1
github.com/kubernetes/kompose/pkg/transformer/kubernetes/kubernetes.go:448.36,449.41 1 0
github.com/kubernetes/kompose/pkg/transformer/kubernetes/kubernetes.go:449.41,456.4 1 0
github.com/kubernetes/kompose/pkg/transformer/kubernetes/kubernetes.go:456.9,462.4 1 0
github.com/kubernetes/kompose/pkg/transformer/kubernetes/kubernetes.go:469.96,471.50 2 0
github.com/kubernetes/kompose/pkg/transformer/kubernetes/kubernetes.go:496.2,496.21 1 0
github.com/kubernetes/kompose/pkg/transformer/kubernetes/kubernetes.go:471.50,472.24 1 0
github.com/kubernetes/kompose/pkg/transformer/kubernetes/kubernetes.go:472.24,474.18 2 0
github.com/kubernetes/kompose/pkg/transformer/kubernetes/kubernetes.go:478.4,491.37 3 0
github.com/kubernetes/kompose/pkg/transformer/kubernetes/kubernetes.go:474.18,477.5 2 0
github.com/kubernetes/kompose/pkg/transformer/kubernetes/kubernetes.go:492.9,494.4 1 0
github.com/kubernetes/kompose/pkg/transformer/kubernetes/kubernetes.go:500.129,502.16 2 11
github.com/kubernetes/kompose/pkg/transformer/kubernetes/kubernetes.go:506.2,524.28 2 11
github.com/kubernetes/kompose/pkg/transformer/kubernetes/kubernetes.go:530.2,530.18 1 11
github.com/kubernetes/kompose/pkg/transformer/kubernetes/kubernetes.go:535.2,535.17 1 11
github.com/kubernetes/kompose/pkg/transformer/kubernetes/kubernetes.go:502.16,504.3 1 0
github.com/kubernetes/kompose/pkg/transformer/kubernetes/kubernetes.go:524.28,528.3 1 0
github.com/kubernetes/kompose/pkg/transformer/kubernetes/kubernetes.go:530.18,532.3 1 0
github.com/kubernetes/kompose/pkg/transformer/kubernetes/kubernetes.go:532.8,534.3 1 11
github.com/kubernetes/kompose/pkg/transformer/kubernetes/kubernetes.go:539.98,542.36 3 21
github.com/kubernetes/kompose/pkg/transformer/kubernetes/kubernetes.go:563.2,563.14 1 21
github.com/kubernetes/kompose/pkg/transformer/kubernetes/kubernetes.go:542.36,544.62 1 26
github.com/kubernetes/kompose/pkg/transformer/kubernetes/kubernetes.go:548.3,548.39 1 26
github.com/kubernetes/kompose/pkg/transformer/kubernetes/kubernetes.go:560.3,560.65 1 26
github.com/kubernetes/kompose/pkg/transformer/kubernetes/kubernetes.go:544.62,545.12 1 0
github.com/kubernetes/kompose/pkg/transformer/kubernetes/kubernetes.go:548.39,553.4 1 6
github.com/kubernetes/kompose/pkg/transformer/kubernetes/kubernetes.go:553.9,559.4 1 20
github.com/kubernetes/kompose/pkg/transformer/kubernetes/kubernetes.go:566.126,569.36 3 0
github.com/kubernetes/kompose/pkg/transformer/kubernetes/kubernetes.go:594.2,594.27 1 0
github.com/kubernetes/kompose/pkg/transformer/kubernetes/kubernetes.go:569.36,570.25 1 0
github.com/kubernetes/kompose/pkg/transformer/kubernetes/kubernetes.go:573.3,584.39 5 0
github.com/kubernetes/kompose/pkg/transformer/kubernetes/kubernetes.go:588.3,588.39 1 0
github.com/kubernetes/kompose/pkg/transformer/kubernetes/kubernetes.go:570.25,572.4 1 0
github.com/kubernetes/kompose/pkg/transformer/kubernetes/kubernetes.go:584.39,586.4 1 0
github.com/kubernetes/kompose/pkg/transformer/kubernetes/kubernetes.go:588.39,590.4 1 0
github.com/kubernetes/kompose/pkg/transformer/kubernetes/kubernetes.go:590.9,592.4 1 0
github.com/kubernetes/kompose/pkg/transformer/kubernetes/kubernetes.go:598.103,603.36 4 17
github.com/kubernetes/kompose/pkg/transformer/kubernetes/kubernetes.go:640.2,640.21 1 17
github.com/kubernetes/kompose/pkg/transformer/kubernetes/kubernetes.go:603.36,604.25 1 27
github.com/kubernetes/kompose/pkg/transformer/kubernetes/kubernetes.go:608.3,614.49 5 27
github.com/kubernetes/kompose/pkg/transformer/kubernetes/kubernetes.go:622.3,628.90 2 27
github.com/kubernetes/kompose/pkg/transformer/kubernetes/kubernetes.go:633.3,633.39 1 27
github.com/kubernetes/kompose/pkg/transformer/kubernetes/kubernetes.go:637.3,638.45 2 27
github.com/kubernetes/kompose/pkg/transformer/kubernetes/kubernetes.go:604.25,606.4 1 0
github.com/kubernetes/kompose/pkg/transformer/kubernetes/kubernetes.go:614.49,616.66 1 10
github.com/kubernetes/kompose/pkg/transformer/kubernetes/kubernetes.go:619.4,619.77 1 10
github.com/kubernetes/kompose/pkg/transformer/kubernetes/kubernetes.go:616.66,618.5 1 0
github.com/kubernetes/kompose/pkg/transformer/kubernetes/kubernetes.go:628.90,630.4 1 0
github.com/kubernetes/kompose/pkg/transformer/kubernetes/kubernetes.go:633.39,635.4 1 20
github.com/kubernetes/kompose/pkg/transformer/kubernetes/kubernetes.go:644.90,647.40 3 23
github.com/kubernetes/kompose/pkg/transformer/kubernetes/kubernetes.go:650.2,650.42 1 23
github.com/kubernetes/kompose/pkg/transformer/kubernetes/kubernetes.go:653.2,656.3 1 23
github.com/kubernetes/kompose/pkg/transformer/kubernetes/kubernetes.go:647.40,649.3 1 16
github.com/kubernetes/kompose/pkg/transformer/kubernetes/kubernetes.go:650.42,652.3 1 15
github.com/kubernetes/kompose/pkg/transformer/kubernetes/kubernetes.go:660.112,665.43 3 11
github.com/kubernetes/kompose/pkg/transformer/kubernetes/kubernetes.go:686.2,686.30 1 11
github.com/kubernetes/kompose/pkg/transformer/kubernetes/kubernetes.go:665.43,685.3 7 11
github.com/kubernetes/kompose/pkg/transformer/kubernetes/kubernetes.go:695.120,698.30 3 21
github.com/kubernetes/kompose/pkg/transformer/kubernetes/kubernetes.go:766.2,766.30 1 21
github.com/kubernetes/kompose/pkg/transformer/kubernetes/kubernetes.go:698.30,699.48 1 0
github.com/kubernetes/kompose/pkg/transformer/kubernetes/kubernetes.go:699.48,700.30 1 0
github.com/kubernetes/kompose/pkg/transformer/kubernetes/kubernetes.go:703.4,703.30 1 0
github.com/kubernetes/kompose/pkg/transformer/kubernetes/kubernetes.go:707.4,710.33 3 0
github.com/kubernetes/kompose/pkg/transformer/kubernetes/kubernetes.go:738.4,748.32 2 0
github.com/kubernetes/kompose/pkg/transformer/kubernetes/kubernetes.go:753.4,763.49 4 0
github.com/kubernetes/kompose/pkg/transformer/kubernetes/kubernetes.go:700.30,702.5 1 0
github.com/kubernetes/kompose/pkg/transformer/kubernetes/kubernetes.go:703.30,705.5 1 0
github.com/kubernetes/kompose/pkg/transformer/kubernetes/kubernetes.go:710.33,715.5 2 0
github.com/kubernetes/kompose/pkg/transformer/kubernetes/kubernetes.go:715.10,721.40 3 0
github.com/kubernetes/kompose/pkg/transformer/kubernetes/kubernetes.go:730.5,730.61 1 0
[...]
github.com/kubernetes/kompose/pkg/transformer/kubernetes/kubernetes.go:824.9,824.25 1 11
github.com/kubernetes/kompose/pkg/transformer/kubernetes/kubernetes.go:824.25,826.18 2 0
github.com/kubernetes/kompose/pkg/transformer/kubernetes/kubernetes.go:829.4,829.22 1 0
github.com/kubernetes/kompose/pkg/transformer/kubernetes/kubernetes.go:826.18,828.5 1 0
github.com/kubernetes/kompose/pkg/transformer/kubernetes/kubernetes.go:830.9,830.26 1 11
github.com/kubernetes/kompose/pkg/transformer/kubernetes/kubernetes.go:830.26,833.99 2 0
github.com/kubernetes/kompose/pkg/transformer/kubernetes/kubernetes.go:833.99,835.5 1 0
github.com/kubernetes/kompose/pkg/transformer/kubernetes/kubernetes.go:835.10,839.28 3 0
github.com/kubernetes/kompose/pkg/transformer/kubernetes/kubernetes.go:839.28,841.6 1 0
github.com/kubernetes/kompose/pkg/transformer/kubernetes/kubernetes.go:843.9,845.26 2 11
github.com/kubernetes/kompose/pkg/transformer/kubernetes/kubernetes.go:845.26,848.32 2 11
github.com/kubernetes/kompose/pkg/transformer/kubernetes/kubernetes.go:858.5,860.19 2 11
github.com/kubernetes/kompose/pkg/transformer/kubernetes/kubernetes.go:864.5,864.36 1 11
github.com/kubernetes/kompose/pkg/transformer/kubernetes/kubernetes.go:848.32,850.6 1 0
github.com/kubernetes/kompose/pkg/transformer/kubernetes/kubernetes.go:850.11,851.45 1 11
github.com/kubernetes/kompose/pkg/transformer/kubernetes/kubernetes.go:851.45,852.39 1 0
github.com/kubernetes/kompose/pkg/transformer/kubernetes/kubernetes.go:852.39,854.8 1 0
github.com/kubernetes/kompose/pkg/transformer/kubernetes/kubernetes.go:860.19,862.6 1 0
github.com/kubernetes/kompose/pkg/transformer/kubernetes/kubernetes.go:876.62,878.4 1 0
github.com/kubernetes/kompose/pkg/transformer/kubernetes/kubernetes.go:886.76,888.20 1 11
github.com/kubernetes/kompose/pkg/transformer/kubernetes/kubernetes.go:895.2,897.3 1 0
github.com/kubernetes/kompose/pkg/transformer/kubernetes/kubernetes.go:888.20,892.3 1 11
github.com/kubernetes/kompose/pkg/transformer/kubernetes/kubernetes.go:901.121,904.25 3 0
github.com/kubernetes/kompose/pkg/transformer/kubernetes/kubernetes.go:918.2,920.3 1 0
github.com/kubernetes/kompose/pkg/transformer/kubernetes/kubernetes.go:904.25,906.26 2 0
github.com/kubernetes/kompose/pkg/transformer/kubernetes/kubernetes.go:909.3,916.4 3 0
github.com/kubernetes/kompose/pkg/transformer/kubernetes/kubernetes.go:906.26,908.4 1 0
github.com/kubernetes/kompose/pkg/transformer/kubernetes/kubernetes.go:924.89,926.16 2 0
github.com/kubernetes/kompose/pkg/transformer/kubernetes/kubernetes.go:929.2,930.27 2 0
github.com/kubernetes/kompose/pkg/transformer/kubernetes/kubernetes.go:934.2,936.8 1 0
github.com/kubernetes/kompose/pkg/transformer/kubernetes/kubernetes.go:926.16,928.3 1 0
github.com/kubernetes/kompose/pkg/transformer/kubernetes/kubernetes.go:930.27,932.3 1 0
github.com/kubernetes/kompose/pkg/transformer/kubernetes/kubernetes.go:940.90,947.2 1 11
github.com/kubernetes/kompose/pkg/transformer/kubernetes/kubernetes.go:950.127,958.30 3 21
github.com/kubernetes/kompose/pkg/transformer/kubernetes/kubernetes.go:988.2,988.40 1 21
github.com/kubernetes/kompose/pkg/transformer/kubernetes/kubernetes.go:1000.2,1001.18 2 21
github.com/kubernetes/kompose/pkg/transformer/kubernetes/kubernetes.go:958.30,961.40 1 0
github.com/kubernetes/kompose/pkg/transformer/kubernetes/kubernetes.go:961.40,966.18 3 0
github.com/kubernetes/kompose/pkg/transformer/kubernetes/kubernetes.go:971.4,971.27 1 0
github.com/kubernetes/kompose/pkg/transformer/kubernetes/kubernetes.go:966.18,968.5 1 0
github.com/kubernetes/kompose/pkg/transformer/kubernetes/kubernetes.go:971.27,983.5 2 0
github.com/kubernetes/kompose/pkg/transformer/kubernetes/kubernetes.go:988.40,989.31 1 16
github.com/kubernetes/kompose/pkg/transformer/kubernetes/kubernetes.go:989.31,994.4 1 16
github.com/kubernetes/kompose/pkg/transformer/kubernetes/kubernetes.go:1005.135,1009.51 3 19
github.com/kubernetes/kompose/pkg/transformer/kubernetes/kubernetes.go:1016.2,1016.36 1 19
github.com/kubernetes/kompose/pkg/transformer/kubernetes/kubernetes.go:1027.2,1027.64 1 19
github.com/kubernetes/kompose/pkg/transformer/kubernetes/kubernetes.go:1037.2,1037.30 1 19
github.com/kubernetes/kompose/pkg/transformer/kubernetes/kubernetes.go:1041.2,1041.59 1 19
github.com/kubernetes/kompose/pkg/transformer/kubernetes/kubernetes.go:1045.2,1045.59 1 19
github.com/kubernetes/kompose/pkg/transformer/kubernetes/kubernetes.go:1049.2,1049.30 1 19
github.com/kubernetes/kompose/pkg/transformer/kubernetes/kubernetes.go:1056.2,1056.16 1 19
github.com/kubernetes/kompose/pkg/transformer/kubernetes/kubernetes.go:1009.51,1011.3 1 11
github.com/kubernetes/kompose/pkg/transformer/kubernetes/kubernetes.go:1011.8,1013.3 1 8
github.com/kubernetes/kompose/pkg/transformer/kubernetes/kubernetes.go:1016.36,1018.27 1 0
github.com/kubernetes/kompose/pkg/transformer/kubernetes/kubernetes.go:1018.27,1021.4 2 0
github.com/kubernetes/kompose/pkg/transformer/kubernetes/kubernetes.go:1021.9,1021.43 1 0
github.com/kubernetes/kompose/pkg/transformer/kubernetes/kubernetes.go:1021.43,1023.4 1 0
github.com/kubernetes/kompose/pkg/transformer/kubernetes/kubernetes.go:1027.64,1031.27 4 0
github.com/kubernetes/kompose/pkg/transformer/kubernetes/kubernetes.go:1034.3,1034.23 1 0
github.com/kubernetes/kompose/pkg/transformer/kubernetes/kubernetes.go:1031.27,1033.4 1 0
github.com/kubernetes/kompose/pkg/transformer/kubernetes/kubernetes.go:1037.30,1039.3 1 0
github.com/kubernetes/kompose/pkg/transformer/kubernetes/kubernetes.go:1041.59,1043.3 1 15
github.com/kubernetes/kompose/pkg/transformer/kubernetes/kubernetes.go:1045.59,1047.3 1 3
github.com/kubernetes/kompose/pkg/transformer/kubernetes/kubernetes.go:1049.30,1050.43 1 0
github.com/kubernetes/kompose/pkg/transformer/kubernetes/kubernetes.go:1050.43,1053.4 2 0
github.com/kubernetes/kompose/pkg/transformer/kubernetes/kubernetes.go:1059.170,1060.41 1 0
github.com/kubernetes/kompose/pkg/transformer/kubernetes/kubernetes.go:1070.2,1070.16 1 0
github.com/kubernetes/kompose/pkg/transformer/kubernetes/kubernetes.go:1060.41,1063.41 3 0
github.com/kubernetes/kompose/pkg/transformer/kubernetes/kubernetes.go:1066.3,1068.39 3 0
github.com/kubernetes/kompose/pkg/transformer/kubernetes/kubernetes.go:1063.41,1064.12 1 0
github.com/kubernetes/kompose/pkg/transformer/kubernetes/kubernetes.go:1074.83,1088.2 2 2
github.com/kubernetes/kompose/pkg/transformer/kubernetes/kubernetes.go:1091.112,1117.2 3 32
github.com/kubernetes/kompose/pkg/transformer/kubernetes/kubernetes.go:1121.123,1125.34 2 21
github.com/kubernetes/kompose/pkg/transformer/kubernetes/kubernetes.go:1135.2,1136.34 2 21
github.com/kubernetes/kompose/pkg/transformer/kubernetes/kubernetes.go:1230.2,1234.24 3 21
github.com/kubernetes/kompose/pkg/transformer/kubernetes/kubernetes.go:1125.34,1127.17 2 0
github.com/kubernetes/kompose/pkg/transformer/kubernetes/kubernetes.go:1130.3,1130.32 1 0
github.com/kubernetes/kompose/pkg/transformer/kubernetes/kubernetes.go:1127.17,1129.4 1 0
github.com/kubernetes/kompose/pkg/transformer/kubernetes/kubernetes.go:1130.32,1132.4 1 0
github.com/kubernetes/kompose/pkg/transformer/kubernetes/kubernetes.go:1136.34,1147.75 4 21
github.com/kubernetes/kompose/pkg/transformer/kubernetes/kubernetes.go:1176.3,1176.93 1 21
github.com/kubernetes/kompose/pkg/transformer/kubernetes/kubernetes.go:1184.3,1184.28 1 21
github.com/kubernetes/kompose/pkg/transformer/kubernetes/kubernetes.go:1209.3,1210.17 2 21
github.com/kubernetes/kompose/pkg/transformer/kubernetes/kubernetes.go:1214.3,1214.31 1 21
github.com/kubernetes/kompose/pkg/transformer/kubernetes/kubernetes.go:1226.3,1226.46 1 21
github.com/kubernetes/kompose/pkg/transformer/kubernetes/kubernetes.go:1147.75,1149.27 1 0
github.com/kubernetes/kompose/pkg/transformer/kubernetes/kubernetes.go:1153.4,1153.27 1 0
github.com/kubernetes/kompose/pkg/transformer/kubernetes/kubernetes.go:1157.4,1161.18 3 0
github.com/kubernetes/kompose/pkg/transformer/kubernetes/kubernetes.go:1166.4,1166.21 1 0
github.com/kubernetes/kompose/pkg/transformer/kubernetes/kubernetes.go:1149.27,1151.5 1 0
github.com/kubernetes/kompose/pkg/transformer/kubernetes/kubernetes.go:1153.27,1155.5 1 0
github.com/kubernetes/kompose/pkg/transformer/kubernetes/kubernetes.go:1161.18,1163.5 1 0
github.com/kubernetes/kompose/pkg/transformer/kubernetes/kubernetes.go:1166.21,1169.19 3 0
github.com/kubernetes/kompose/pkg/transformer/kubernetes/kubernetes.go:1169.19,1171.6 1 0
github.com/kubernetes/kompose/pkg/transformer/kubernetes/kubernetes.go:1176.93,1180.4 3 2
github.com/kubernetes/kompose/pkg/transformer/kubernetes/kubernetes.go:1180.9,1182.4 1 19
github.com/kubernetes/kompose/pkg/transformer/kubernetes/kubernetes.go:1184.28,1185.45 1 16
github.com/kubernetes/kompose/pkg/transformer/kubernetes/kubernetes.go:1185.45,1187.30 2 0
github.com/kubernetes/kompose/pkg/transformer/kubernetes/kubernetes.go:1190.5,1190.22 1 0
github.com/kubernetes/kompose/pkg/transformer/kubernetes/kubernetes.go:1187.30,1189.6 1 0
github.com/kubernetes/kompose/pkg/transformer/kubernetes/kubernetes.go:1190.22,1192.6 1 0
github.com/kubernetes/kompose/pkg/transformer/kubernetes/kubernetes.go:1193.10,1196.36 3 16
github.com/kubernetes/kompose/pkg/transformer/kubernetes/kubernetes.go:1196.36,1198.6 1 2
github.com/kubernetes/kompose/pkg/transformer/kubernetes/kubernetes.go:1200.9,1201.41 1 5
github.com/kubernetes/kompose/pkg/transformer/kubernetes/kubernetes.go:1201.41,1204.5 2 2
github.com/kubernetes/kompose/pkg/transformer/kubernetes/kubernetes.go:1204.10,1206.5 1 3
github.com/kubernetes/kompose/pkg/transformer/kubernetes/kubernetes.go:1210.17,1212.4 1 0
github.com/kubernetes/kompose/pkg/transformer/kubernetes/kubernetes.go:1214.31,1215.40 1 16
github.com/kubernetes/kompose/pkg/transformer/kubernetes/kubernetes.go:1215.40,1219.19 3 32
github.com/kubernetes/kompose/pkg/transformer/kubernetes/kubernetes.go:1222.5,1222.34 1 32
github.com/kubernetes/kompose/pkg/transformer/kubernetes/kubernetes.go:1219.19,1221.6 1 0
github.com/kubernetes/kompose/pkg/transformer/kubernetes/kubernetes.go:1238.162,1239.25 1 51
github.com/kubernetes/kompose/pkg/transformer/kubernetes/kubernetes.go:1272.2,1272.12 1 51
github.com/kubernetes/kompose/pkg/transformer/kubernetes/kubernetes.go:1240.26,1242.17 2 15
github.com/kubernetes/kompose/pkg/transformer/kubernetes/kubernetes.go:1245.3,1245.28 1 15
github.com/kubernetes/kompose/pkg/transformer/kubernetes/kubernetes.go:1246.25,1248.17 2 3
github.com/kubernetes/kompose/pkg/transformer/kubernetes/kubernetes.go:1251.3,1251.28 1 3
github.com/kubernetes/kompose/pkg/transformer/kubernetes/kubernetes.go:1252.35,1254.17 2 0
github.com/kubernetes/kompose/pkg/transformer/kubernetes/kubernetes.go:1257.3,1257.28 1 0
github.com/kubernetes/kompose/pkg/transformer/kubernetes/kubernetes.go:1258.16,1264.17 3 2
github.com/kubernetes/kompose/pkg/transformer/kubernetes/kubernetes.go:1267.3,1268.30 2 2
github.com/kubernetes/kompose/pkg/transformer/kubernetes/kubernetes.go:1269.29,1270.28 1 0
github.com/kubernetes/kompose/pkg/transformer/kubernetes/kubernetes.go:1242.17,1244.4 1 0
github.com/kubernetes/kompose/pkg/transformer/kubernetes/kubernetes.go:1248.17,1250.4 1 0
github.com/kubernetes/kompose/pkg/transformer/kubernetes/kubernetes.go:1254.17,1256.4 1 0
github.com/kubernetes/kompose/pkg/transformer/kubernetes/kubernetes.go:1264.17,1266.4 1 0
github.com/kubernetes/kompose/pkg/transformer/openshift/openshift.go:59.131,60.25 1 1
github.com/kubernetes/kompose/pkg/transformer/openshift/openshift.go:66.2,67.28 2 1
github.com/kubernetes/kompose/pkg/transformer/openshift/openshift.go:71.2,73.56 2 1
github.com/kubernetes/kompose/pkg/transformer/openshift/openshift.go:84.2,97.11 2 1
github.com/kubernetes/kompose/pkg/transformer/openshift/openshift.go:60.25,62.3 1 0
github.com/kubernetes/kompose/pkg/transformer/openshift/openshift.go:67.28,69.3 1 0
github.com/kubernetes/kompose/pkg/transformer/openshift/openshift.go:73.56,82.3 1 1
github.com/kubernetes/kompose/pkg/transformer/openshift/openshift.go:100.125,103.51 3 2
github.com/kubernetes/kompose/pkg/transformer/openshift/openshift.go:112.2,113.16 2 2
github.com/kubernetes/kompose/pkg/transformer/openshift/openshift.go:117.2,155.16 2 2
github.com/kubernetes/kompose/pkg/transformer/openshift/openshift.go:103.51,104.26 1 2
github.com/kubernetes/kompose/pkg/transformer/openshift/openshift.go:107.3,107.76 1 2
github.com/kubernetes/kompose/pkg/transformer/openshift/openshift.go:104.26,106.4 1 0
github.com/kubernetes/kompose/pkg/transformer/openshift/openshift.go:113.16,115.3 1 0
github.com/kubernetes/kompose/pkg/transformer/openshift/openshift.go:159.128,166.33 3 3
github.com/kubernetes/kompose/pkg/transformer/openshift/openshift.go:170.2,171.30 2 3
github.com/kubernetes/kompose/pkg/transformer/openshift/openshift.go:177.2,218.19 3 3
github.com/kubernetes/kompose/pkg/transformer/openshift/openshift.go:226.2,226.11 1 3
github.com/kubernetes/kompose/pkg/transformer/openshift/openshift.go:166.33,168.3 1 3
github.com/kubernetes/kompose/pkg/transformer/openshift/openshift.go:171.30,173.3 1 0
github.com/kubernetes/kompose/pkg/transformer/openshift/openshift.go:173.8,175.3 1 3
github.com/kubernetes/kompose/pkg/transformer/openshift/openshift.go:218.19,224.3 2 0
github.com/kubernetes/kompose/pkg/transformer/openshift/openshift.go:229.103,252.37 2 2
github.com/kubernetes/kompose/pkg/transformer/openshift/openshift.go:255.2,255.14 1 2
github.com/kubernetes/kompose/pkg/transformer/openshift/openshift.go:252.37,254.3 1 1
github.com/kubernetes/kompose/pkg/transformer/openshift/openshift.go:260.122,262.36 2 3
github.com/kubernetes/kompose/pkg/transformer/openshift/openshift.go:266.2,272.34 6 3
github.com/kubernetes/kompose/pkg/transformer/openshift/openshift.go:282.2,283.34 2 3
github.com/kubernetes/kompose/pkg/transformer/openshift/openshift.go:423.2,427.24 3 2
github.com/kubernetes/kompose/pkg/transformer/openshift/openshift.go:262.36,264.3 1 0
github.com/kubernetes/kompose/pkg/transformer/openshift/openshift.go:272.34,274.17 2 0
github.com/kubernetes/kompose/pkg/transformer/openshift/openshift.go:277.3,277.32 1 0
github.com/kubernetes/kompose/pkg/transformer/openshift/openshift.go:274.17,276.4 1 0
github.com/kubernetes/kompose/pkg/transformer/openshift/openshift.go:277.32,279.4 1 0
github.com/kubernetes/kompose/pkg/transformer/openshift/openshift.go:283.34,289.52 4 3
github.com/kubernetes/kompose/pkg/transformer/openshift/openshift.go:296.3,296.37 1 3
github.com/kubernetes/kompose/pkg/transformer/openshift/openshift.go:304.3,304.75 1 3
github.com/kubernetes/kompose/pkg/transformer/openshift/openshift.go:330.3,330.65 1 3
github.com/kubernetes/kompose/pkg/transformer/openshift/openshift.go:392.3,392.28 1 2
github.com/kubernetes/kompose/pkg/transformer/openshift/openshift.go:414.3,415.17 2 2
github.com/kubernetes/kompose/pkg/transformer/openshift/openshift.go:419.3,419.46 1 2
github.com/kubernetes/kompose/pkg/transformer/openshift/openshift.go:289.52,291.4 1 3
github.com/kubernetes/kompose/pkg/transformer/openshift/openshift.go:291.9,293.4 1 0
github.com/kubernetes/kompose/pkg/transformer/openshift/openshift.go:296.37,298.4 1 0
github.com/kubernetes/kompose/pkg/transformer/openshift/openshift.go:304.75,306.27 1 0
github.com/kubernetes/kompose/pkg/transformer/openshift/openshift.go:310.4,310.27 1 0
github.com/kubernetes/kompose/pkg/transformer/openshift/openshift.go:315.4,316.18 2 0
github.com/kubernetes/kompose/pkg/transformer/openshift/openshift.go:321.4,321.21 1 0
github.com/kubernetes/kompose/pkg/transformer/openshift/openshift.go:306.27,308.5 1 0
github.com/kubernetes/kompose/pkg/transformer/openshift/openshift.go:310.27,312.5 1 0
github.com/kubernetes/kompose/pkg/transformer/openshift/openshift.go:316.18,318.5 1 0
github.com/kubernetes/kompose/pkg/transformer/openshift/openshift.go:321.21,323.19 2 0
github.com/kubernetes/kompose/pkg/transformer/openshift/openshift.go:323.19,325.6 1 0
github.com/kubernetes/kompose/pkg/transformer/openshift/openshift.go:330.65,332.34 1 1
github.com/kubernetes/kompose/pkg/transformer/openshift/openshift.go:335.4,336.34 2 0
github.com/kubernetes/kompose/pkg/transformer/openshift/openshift.go:332.34,334.5 1 1
github.com/kubernetes/kompose/pkg/transformer/openshift/openshift.go:337.9,340.34 2 2
github.com/kubernetes/kompose/pkg/transformer/openshift/openshift.go:348.4,348.58 1 2
github.com/kubernetes/kompose/pkg/transformer/openshift/openshift.go:340.34,344.5 2 1
github.com/kubernetes/kompose/pkg/transformer/openshift/openshift.go:348.58,351.19 2 0
github.com/kubernetes/kompose/pkg/transformer/openshift/openshift.go:357.5,357.66 1 0
github.com/kubernetes/kompose/pkg/transformer/openshift/openshift.go:362.5,362.26 1 0
github.com/kubernetes/kompose/pkg/transformer/openshift/openshift.go:370.5,370.28 1 0
github.com/kubernetes/kompose/pkg/transformer/openshift/openshift.go:381.5,382.19 2 0
github.com/kubernetes/kompose/pkg/transformer/openshift/openshift.go:385.5,388.77 2 0
github.com/kubernetes/kompose/pkg/transformer/openshift/openshift.go:351.19,353.14 2 0
github.com/kubernetes/kompose/pkg/transformer/openshift/openshift.go:357.66,359.6 1 0
github.com/kubernetes/kompose/pkg/transformer/openshift/openshift.go:362.26,364.20 2 0
github.com/kubernetes/kompose/pkg/transformer/openshift/openshift.go:364.20,366.7 1 0
github.com/kubernetes/kompose/pkg/transformer/openshift/openshift.go:370.28,371.20 1 0
github.com/kubernetes/kompose/pkg/transformer/openshift/openshift.go:374.6,375.20 2 0
github.com/kubernetes/kompose/pkg/transformer/openshift/openshift.go:371.20,373.7 1 0
github.com/kubernetes/kompose/pkg/transformer/openshift/openshift.go:375.20,377.7 1 0
github.com/kubernetes/kompose/pkg/transformer/openshift/openshift.go:382.19,384.6 1 0
github.com/kubernetes/kompose/pkg/transformer/openshift/openshift.go:392.28,393.45 1 0
github.com/kubernetes/kompose/pkg/transformer/openshift/openshift.go:393.45,395.30 2 0
github.com/kubernetes/kompose/pkg/transformer/openshift/openshift.go:398.5,398.22 1 0
github.com/kubernetes/kompose/pkg/transformer/openshift/openshift.go:395.30,397.6 1 0
github.com/kubernetes/kompose/pkg/transformer/openshift/openshift.go:398.22,400.6 1 0
github.com/kubernetes/kompose/pkg/transformer/openshift/openshift.go:401.10,405.36 3 0
github.com/kubernetes/kompose/pkg/transformer/openshift/openshift.go:405.36,407.6 1 0
github.com/kubernetes/kompose/pkg/transformer/openshift/openshift.go:409.9,409.47 1 2
github.com/kubernetes/kompose/pkg/transformer/openshift/openshift.go:409.47,412.4 2 1
github.com/kubernetes/kompose/pkg/transformer/openshift/openshift.go:415.17,417.4 1 0
github.com/kubernetes/kompose/pkg/transformer/openshift/utils.go:10.39,22.17 3 7
github.com/kubernetes/kompose/pkg/transformer/openshift/utils.go:26.2,27.17 2 7
github.com/kubernetes/kompose/pkg/transformer/openshift/utils.go:30.2,30.17 1 5
github.com/kubernetes/kompose/pkg/transformer/openshift/utils.go:22.17,24.3 1 0
github.com/kubernetes/kompose/pkg/transformer/openshift/utils.go:27.17,29.3 1 2
github.com/kubernetes/kompose/pkg/transformer/openshift/utils.go:34.57,38.16 4 6
github.com/kubernetes/kompose/pkg/transformer/openshift/utils.go:42.2,43.24 2 4
github.com/kubernetes/kompose/pkg/transformer/openshift/utils.go:38.16,40.3 1 2
github.com/kubernetes/kompose/pkg/transformer/openshift/utils.go:47.26,50.2 2 0
github.com/kubernetes/kompose/pkg/transformer/openshift/utils.go:53.68,57.16 4 2
github.com/kubernetes/kompose/pkg/transformer/openshift/utils.go:60.2,61.37 2 1
github.com/kubernetes/kompose/pkg/transformer/openshift/utils.go:64.2,64.17 1 1
github.com/kubernetes/kompose/pkg/transformer/openshift/utils.go:57.16,59.3 1 1
github.com/kubernetes/kompose/pkg/transformer/openshift/utils.go:61.37,63.3 1 1
github.com/kubernetes/kompose/pkg/transformer/openshift/utils.go:68.65,72.16 4 2
github.com/kubernetes/kompose/pkg/transformer/openshift/utils.go:75.2,75.50 1 1
github.com/kubernetes/kompose/pkg/transformer/openshift/utils.go:72.16,74.3 1 1
